The system is: Windows - 10.0.18362 - AMD64
Compiling the CXX compiler identification source file "CMakeCXXCompilerId.cpp" succeeded.
Compiler: C:/Program Files/mingw-w64/x86_64-8.1.0-posix-seh-rt_v6-rev0/mingw64/bin/g++.exe 
Build flags: 
Id flags:  

The output was:
0


Compilation of the CXX compiler identification source "CMakeCXXCompilerId.cpp" produced "a.exe"

The CXX compiler identification is GNU, found in "E:/Users/Matteo/Dropbox/University/11/PC/kernel_img_proc_cuda/cmake-build-release/CMakeFiles/3.15.3/CompilerIdCXX/a.exe"

Compiling the CUDA compiler identification source file "CMakeCUDACompilerId.cu" succeeded.
Compiler: C:/Program Files/NVIDIA GPU Computing Toolkit/CUDA/v10.2/bin/nvcc.exe 
Build flags: 
Id flags:  -v;--keep;--keep-dir;tmp

The output was:
0

E:\Users\Matteo\Dropbox\University\11\PC\kernel_img_proc_cuda\cmake-build-release\CMakeFiles\3.15.3\CompilerIdCUDA>call "C:\Users\Matteo\AppData\Local\Temp/tmpxft_00003c38_00000000-2.bat" 

E:\Users\Matteo\Dropbox\University\11\PC\kernel_img_proc_cuda\cmake-build-release\CMakeFiles\3.15.3\CompilerIdCUDA>set  1>C:\Users\Matteo\AppData\Local\Temp/tmpxft_00003c38_00000000-1 
#$ VSINSTALLDIR=C:/Program Files (x86)/Microsoft Visual Studio 14.0/VC/bin/../../
#$ VCINSTALLDIR=C:/Program Files (x86)/Microsoft Visual Studio 14.0/VC/bin/../../VC/
#$ C:/Program Files (x86)/Microsoft Visual Studio 14.0/VC/bin/../../VC/bin/amd64/vcvars64.bat
#$ ALLUSERSPROFILE=C:\ProgramData
#$ ANDROID_SDK_HOME=C:\Android
#$ APPDATA=C:\Users\Matteo\AppData\Roaming
#$ CLION_IDE=TRUE
#$ CommandPromptType=Native
#$ CommonProgramFiles=C:\Program Files\Common Files
#$ CommonProgramFiles(x86)=C:\Program Files (x86)\Common Files
#$ CommonProgramW6432=C:\Program Files\Common Files
#$ COMPUTERNAME=POLLO-PC
#$ ComSpec=C:\WINDOWS\system32\cmd.exe
#$ csvmidi=C:\Tirocinio\midicsv-1.1\Csvmidi.exe
#$ CUDACXX=C:\Program Files\NVIDIA GPU Computing Toolkit\CUDA\v10.2\bin\nvcc.exe
#$ CUDA_PATH=C:\Program Files\NVIDIA GPU Computing Toolkit\CUDA\v10.2
#$ CUDA_PATH_V10_2=C:\Program Files\NVIDIA GPU Computing Toolkit\CUDA\v10.2
#$ CXX=C:/Program Files/mingw-w64/x86_64-8.1.0-posix-seh-rt_v6-rev0/mingw64/bin/g++.exe
#$ DriverData=C:\Windows\System32\Drivers\DriverData
#$ FPS_BROWSER_APP_PROFILE_STRING=Internet Explorer
#$ FPS_BROWSER_USER_PROFILE_STRING=Default
#$ FP_NO_HOST_CHECK=NO
#$ Framework40Version=v4.0
#$ FrameworkDir=C:\WINDOWS\Microsoft.NET\Framework64
#$ FrameworkDIR64=C:\WINDOWS\Microsoft.NET\Framework64
#$ FrameworkVersion=v4.0.30319
#$ FrameworkVersion64=v4.0.30319
#$ HOMEDRIVE=C:
#$ HOMEPATH=\Users\Matteo
#$ IDEA_INITIAL_DIRECTORY=E:\Program Files\JetBrains\CLion 2019.2.5\bin
#$ INCLUDE=C:/Program Files (x86)/Microsoft Visual Studio 14.0/VC/bin/../../VC/INCLUDE;C:/Program Files (x86)/Microsoft Visual Studio 14.0/VC/bin/../../VC/ATLMFC\INCLUDE;C:\Program Files (x86)\Windows Kits\10\include\10.0.10240.0\ucrt;C:\Program Files (x86)\Windows Kits\NETFXSDK\4.6.1\include\um;C:\Program Files (x86)\Windows Kits\8.1\include\\shared;C:\Program Files (x86)\Windows Kits\8.1\include\\um;C:\Program Files (x86)\Windows Kits\8.1\include\\winrt;
#$ JD2_HOME=C:\Users\Matteo\AppData\Local\JDownloader 2.0
#$ JETBRAINS_IDE=TRUE
#$ LIB=C:/Program Files (x86)/Microsoft Visual Studio 14.0/VC/bin/../../VC/LIB\amd64;C:/Program Files (x86)/Microsoft Visual Studio 14.0/VC/bin/../../VC/ATLMFC\LIB\amd64;C:\Program Files (x86)\Windows Kits\10\lib\10.0.10240.0\ucrt\x64;C:\Program Files (x86)\Windows Kits\NETFXSDK\4.6.1\lib\um\x64;C:\Program Files (x86)\Windows Kits\8.1\lib\winv6.3\um\x64;
#$ LIBPATH=C:\WINDOWS\Microsoft.NET\Framework64\v4.0.30319;C:/Program Files (x86)/Microsoft Visual Studio 14.0/VC/bin/../../VC/LIB\amd64;C:/Program Files (x86)/Microsoft Visual Studio 14.0/VC/bin/../../VC/ATLMFC\LIB\amd64;C:\Program Files (x86)\Windows Kits\8.1\References\CommonConfiguration\Neutral;\Microsoft.VCLibs\14.0\References\CommonConfiguration\neutral;
#$ LOCALAPPDATA=C:\Users\Matteo\AppData\Local
#$ LOGONSERVER=\\POLLO-PC
#$ midicsv=C:\Tirocinio\midicsv-1.1\Midicsv.exe
#$ NETFXSDKDir=C:\Program Files (x86)\Windows Kits\NETFXSDK\4.6.1\
#$ NUMBER_OF_PROCESSORS=16
#$ NVCUDASAMPLES10_2_ROOT=C:\ProgramData\NVIDIA Corporation\CUDA Samples\v10.2
#$ NVCUDASAMPLES_ROOT=C:\ProgramData\NVIDIA Corporation\CUDA Samples\v10.2
#$ NVTOOLSEXT_PATH=C:\Program Files\NVIDIA Corporation\NvToolsExt\
#$ OneDrive=C:\Users\Matteo\SkyDrive
#$ OnlineServices=Online Services
#$ OS=Windows_NT
#$ PATH=C:/Program Files (x86)/Microsoft Visual Studio 14.0/VC/bin/../../Common7\IDE\CommonExtensions\Microsoft\TestWindow;C:\Program Files (x86)\MSBuild\14.0\bin\amd64;C:/Program Files (x86)/Microsoft Visual Studio 14.0/VC/bin/../../VC/BIN\amd64;C:\WINDOWS\Microsoft.NET\Framework64\v4.0.30319;C:/Program Files (x86)/Microsoft Visual Studio 14.0/VC/bin/../../VC/VCPackages;C:/Program Files (x86)/Microsoft Visual Studio 14.0/VC/bin/../../Common7\IDE;C:/Program Files (x86)/Microsoft Visual Studio 14.0/VC/bin/../../Common7\Tools;C:\Program Files (x86)\HTML Help Workshop;C:/Program Files (x86)/Microsoft Visual Studio 14.0/VC/bin/../../Team Tools\Performance Tools\x64;C:/Program Files (x86)/Microsoft Visual Studio 14.0/VC/bin/../../Team Tools\Performance Tools;C:\Program Files (x86)\Windows Kits\8.1\bin\x64;C:\Program Files (x86)\Windows Kits\8.1\bin\x86;C:\Program Files (x86)\Microsoft SDKs\Windows\v10.0A\bin\NETFX 4.6.1 Tools\x64\;C:\Program Files\mingw-w64\x86_64-8.1.0-posix-seh-rt_v6-rev0\mingw64\bin;C:\Program Files\NVIDIA GPU Computing Toolkit\CUDA\v10.2\bin;C:\Program Files\NVIDIA GPU Computing Toolkit\CUDA\v10.2\libnvvp;C:\Program Files (x86)\Razer Chroma SDK\bin;C:\Program Files\Razer Chroma SDK\bin;c:\programdata\oracle\java\javapath;c:\program files (x86)\intel\icls client\;c:\program files\intel\icls client\;c:\windows\system32;c:\windows;c:\windows\system32\wbem;c:\windows\system32\windowspowershell\v1.0\;c:\program files\hewlett-packard\simplepass\;c:\program files (x86)\windows live\shared;c:\program files (x86)\ati technologies\ati.ace\core-static;c:\program files (x86)\amd\ati.ace\core-static;c:\program files (x86)\intel\intel(r) management engine components\dal;c:\program files\intel\intel(r) management engine components\dal;c:\program files (x86)\intel\intel(r) management engine components\ipt;c:\program files\intel\intel(r) management engine components\ipt;C:\WINDOWS\system32;C:\WINDOWS;C:\WINDOWS\System32\Wbem;C:\WINDOWS\System32\WindowsPowerShell\v1.0\;C:\Users\Matteo\AppData\Local\Micros;C:\WINDOWS\system32;C:\WINDOWS;C:\WINDOWS\System32\Wbem;C:\WINDOWS\System32\WindowsPowerShell\v1.0\;C:\WINDOWS\System32\OpenSSH\;C:\Program Files (x86)\NVIDIA Corporation\PhysX\Common;C:\Program Files\NVIDIA Corporation\NVIDIA NvDLISR;C:\Program Files\PuTTY\;C:\Program Files\mingw-w64\x86_64-8.1.0-posix-seh-rt_v6-rev0\mingw64\bin;C:\mingw64\bin;I:\Matteo\opencv-4.2.0\build\bin;C:\Program Files\NVIDIA Corporation\Nsight Compute 2019.5.0\;C:\Program Files (x86)\Microsoft Visual Studio 14.0\VC\bin;C:\Program Files (x86)\Windows Kits\8.1\bin\x64;C:\WINDOWS\system32\config\systemprofile\.dnx\bin;C:\Program Files\Microsoft DNX\Dnvm\;C:\Program Files (x86)\Windows Kits\8.1\Windows Performance Toolkit\;I:\Matteo\opencv-4.2.0\build\bin\Debug;I:\Matteo\opencv-4.2.0\build\bin\Release;C:\Python35\Scripts\;C:\Python35\;C:\Users\Matteo\AppData\Local\Microsoft\WindowsApps;C:\Users\Matteo\AppData\Local\atom\bin;C:\Users\Matteo\AppData\Local\Microsoft\WindowsApps;
#$ PATHEXT=.COM;.EXE;.BAT;.CMD;.VBS;.VBE;.JS;.JSE;.WSF;.WSH;.MSC
#$ Platform=X64
#$ PROCESSOR_ARCHITECTURE=AMD64
#$ PROCESSOR_IDENTIFIER=AMD64 Family 23 Model 113 Stepping 0, AuthenticAMD
#$ PROCESSOR_LEVEL=23
#$ PROCESSOR_REVISION=7100
#$ ProgramData=C:\ProgramData
#$ ProgramFiles=C:\Program Files
#$ ProgramFiles(x86)=C:\Program Files (x86)
#$ ProgramW6432=C:\Program Files
#$ PROMPT=$P$G
#$ PSModulePath=C:\WINDOWS\system32\WindowsPowerShell\v1.0\Modules\
#$ PUBLIC=C:\Users\Public
#$ SESSIONNAME=Console
#$ SystemDrive=C:
#$ SystemRoot=C:\WINDOWS
#$ UCRTVersion=10.0.10240.0
#$ UniversalCRTSdkDir=C:\Program Files (x86)\Windows Kits\10\
#$ USERDOMAIN=POLLO-PC
#$ USERDOMAIN_ROAMINGPROFILE=POLLO-PC
#$ USERNAME=Matteo
#$ USERPROFILE=C:\Users\Matteo
#$ VBOX_MSI_INSTALL_PATH=C:\Program Files\Oracle\VirtualBox\
#$ VCINSTALLDIR=C:/Program Files (x86)/Microsoft Visual Studio 14.0/VC/bin/../../VC/
#$ VisualStudioVersion=14.0
#$ VS140COMNTOOLS=C:\Program Files (x86)\Microsoft Visual Studio 14.0\VC\bin\..\..\Common7\Tools\
#$ vsconsoleoutput=1
#$ VSINSTALLDIR=C:/Program Files (x86)/Microsoft Visual Studio 14.0/VC/bin/../../
#$ windir=C:\WINDOWS
#$ WindowsLibPath=C:\Program Files (x86)\Windows Kits\8.1\References\CommonConfiguration\Neutral
#$ WindowsSdkDir=C:\Program Files (x86)\Windows Kits\8.1\
#$ WindowsSDKLibVersion=winv6.3\
#$ WindowsSDKVersion=\
#$ WindowsSDK_ExecutablePath_x64=C:\Program Files (x86)\Microsoft SDKs\Windows\v10.0A\bin\NETFX 4.6.1 Tools\x64\
#$ WindowsSDK_ExecutablePath_x86=C:\Program Files (x86)\Microsoft SDKs\Windows\v10.0A\bin\NETFX 4.6.1 Tools\
#$ PATH=C:/Program Files (x86)/Microsoft Visual Studio 14.0/VC/bin/../../VC/redist/x64/Microsoft.VC110.CRT;C:/Program Files (x86)/Microsoft Visual Studio 14.0/VC/bin/../../Common7\IDE\CommonExtensions\Microsoft\TestWindow;C:\Program Files (x86)\MSBuild\14.0\bin\amd64;C:/Program Files (x86)/Microsoft Visual Studio 14.0/VC/bin/../../VC/BIN\amd64;C:\WINDOWS\Microsoft.NET\Framework64\v4.0.30319;C:/Program Files (x86)/Microsoft Visual Studio 14.0/VC/bin/../../VC/VCPackages;C:/Program Files (x86)/Microsoft Visual Studio 14.0/VC/bin/../../Common7\IDE;C:/Program Files (x86)/Microsoft Visual Studio 14.0/VC/bin/../../Common7\Tools;C:\Program Files (x86)\HTML Help Workshop;C:/Program Files (x86)/Microsoft Visual Studio 14.0/VC/bin/../../Team Tools\Performance Tools\x64;C:/Program Files (x86)/Microsoft Visual Studio 14.0/VC/bin/../../Team Tools\Performance Tools;C:\Program Files (x86)\Windows Kits\8.1\bin\x64;C:\Program Files (x86)\Windows Kits\8.1\bin\x86;C:\Program Files (x86)\Microsoft SDKs\Windows\v10.0A\bin\NETFX 4.6.1 Tools\x64\;C:\Program Files\mingw-w64\x86_64-8.1.0-posix-seh-rt_v6-rev0\mingw64\bin;C:\Program Files\NVIDIA GPU Computing Toolkit\CUDA\v10.2\bin;C:\Program Files\NVIDIA GPU Computing Toolkit\CUDA\v10.2\libnvvp;C:\Program Files (x86)\Razer Chroma SDK\bin;C:\Program Files\Razer Chroma SDK\bin;c:\programdata\oracle\java\javapath;c:\program files (x86)\intel\icls client\;c:\program files\intel\icls client\;c:\windows\system32;c:\windows;c:\windows\system32\wbem;c:\windows\system32\windowspowershell\v1.0\;c:\program files\hewlett-packard\simplepass\;c:\program files (x86)\windows live\shared;c:\program files (x86)\ati technologies\ati.ace\core-static;c:\program files (x86)\amd\ati.ace\core-static;c:\program files (x86)\intel\intel(r) management engine components\dal;c:\program files\intel\intel(r) management engine components\dal;c:\program files (x86)\intel\intel(r) management engine components\ipt;c:\program files\intel\intel(r) management engine components\ipt;C:\WINDOWS\system32;C:\WINDOWS;C:\WINDOWS\System32\Wbem;C:\WINDOWS\System32\WindowsPowerShell\v1.0\;C:\Users\Matteo\AppData\Local\Micros;C:\WINDOWS\system32;C:\WINDOWS;C:\WINDOWS\System32\Wbem;C:\WINDOWS\System32\WindowsPowerShell\v1.0\;C:\WINDOWS\System32\OpenSSH\;C:\Program Files (x86)\NVIDIA Corporation\PhysX\Common;C:\Program Files\NVIDIA Corporation\NVIDIA NvDLISR;C:\Program Files\PuTTY\;C:\Program Files\mingw-w64\x86_64-8.1.0-posix-seh-rt_v6-rev0\mingw64\bin;C:\mingw64\bin;I:\Matteo\opencv-4.2.0\build\bin;C:\Program Files\NVIDIA Corporation\Nsight Compute 2019.5.0\;C:\Program Files (x86)\Microsoft Visual Studio 14.0\VC\bin;C:\Program Files (x86)\Windows Kits\8.1\bin\x64;C:\WINDOWS\system32\config\systemprofile\.dnx\bin;C:\Program Files\Microsoft DNX\Dnvm\;C:\Program Files (x86)\Windows Kits\8.1\Windows Performance Toolkit\;I:\Matteo\opencv-4.2.0\build\bin\Debug;I:\Matteo\opencv-4.2.0\build\bin\Release;C:\Python35\Scripts\;C:\Python35\;C:\Users\Matteo\AppData\Local\Microsoft\WindowsApps;C:\Users\Matteo\AppData\Local\atom\bin;C:\Users\Matteo\AppData\Local\Microsoft\WindowsApps;
#$ PATH=C:/Program Files (x86)/Microsoft Visual Studio 14.0/VC/bin/../../VC/redist/x64/Microsoft.VC120.CRT;C:/Program Files (x86)/Microsoft Visual Studio 14.0/VC/bin/../../VC/redist/x64/Microsoft.VC110.CRT;C:/Program Files (x86)/Microsoft Visual Studio 14.0/VC/bin/../../Common7\IDE\CommonExtensions\Microsoft\TestWindow;C:\Program Files (x86)\MSBuild\14.0\bin\amd64;C:/Program Files (x86)/Microsoft Visual Studio 14.0/VC/bin/../../VC/BIN\amd64;C:\WINDOWS\Microsoft.NET\Framework64\v4.0.30319;C:/Program Files (x86)/Microsoft Visual Studio 14.0/VC/bin/../../VC/VCPackages;C:/Program Files (x86)/Microsoft Visual Studio 14.0/VC/bin/../../Common7\IDE;C:/Program Files (x86)/Microsoft Visual Studio 14.0/VC/bin/../../Common7\Tools;C:\Program Files (x86)\HTML Help Workshop;C:/Program Files (x86)/Microsoft Visual Studio 14.0/VC/bin/../../Team Tools\Performance Tools\x64;C:/Program Files (x86)/Microsoft Visual Studio 14.0/VC/bin/../../Team Tools\Performance Tools;C:\Program Files (x86)\Windows Kits\8.1\bin\x64;C:\Program Files (x86)\Windows Kits\8.1\bin\x86;C:\Program Files (x86)\Microsoft SDKs\Windows\v10.0A\bin\NETFX 4.6.1 Tools\x64\;C:\Program Files\mingw-w64\x86_64-8.1.0-posix-seh-rt_v6-rev0\mingw64\bin;C:\Program Files\NVIDIA GPU Computing Toolkit\CUDA\v10.2\bin;C:\Program Files\NVIDIA GPU Computing Toolkit\CUDA\v10.2\libnvvp;C:\Program Files (x86)\Razer Chroma SDK\bin;C:\Program Files\Razer Chroma SDK\bin;c:\programdata\oracle\java\javapath;c:\program files (x86)\intel\icls client\;c:\program files\intel\icls client\;c:\windows\system32;c:\windows;c:\windows\system32\wbem;c:\windows\system32\windowspowershell\v1.0\;c:\program files\hewlett-packard\simplepass\;c:\program files (x86)\windows live\shared;c:\program files (x86)\ati technologies\ati.ace\core-static;c:\program files (x86)\amd\ati.ace\core-static;c:\program files (x86)\intel\intel(r) management engine components\dal;c:\program files\intel\intel(r) management engine components\dal;c:\program files (x86)\intel\intel(r) management engine components\ipt;c:\program files\intel\intel(r) management engine components\ipt;C:\WINDOWS\system32;C:\WINDOWS;C:\WINDOWS\System32\Wbem;C:\WINDOWS\System32\WindowsPowerShell\v1.0\;C:\Users\Matteo\AppData\Local\Micros;C:\WINDOWS\system32;C:\WINDOWS;C:\WINDOWS\System32\Wbem;C:\WINDOWS\System32\WindowsPowerShell\v1.0\;C:\WINDOWS\System32\OpenSSH\;C:\Program Files (x86)\NVIDIA Corporation\PhysX\Common;C:\Program Files\NVIDIA Corporation\NVIDIA NvDLISR;C:\Program Files\PuTTY\;C:\Program Files\mingw-w64\x86_64-8.1.0-posix-seh-rt_v6-rev0\mingw64\bin;C:\mingw64\bin;I:\Matteo\opencv-4.2.0\build\bin;C:\Program Files\NVIDIA Corporation\Nsight Compute 2019.5.0\;C:\Program Files (x86)\Microsoft Visual Studio 14.0\VC\bin;C:\Program Files (x86)\Windows Kits\8.1\bin\x64;C:\WINDOWS\system32\config\systemprofile\.dnx\bin;C:\Program Files\Microsoft DNX\Dnvm\;C:\Program Files (x86)\Windows Kits\8.1\Windows Performance Toolkit\;I:\Matteo\opencv-4.2.0\build\bin\Debug;I:\Matteo\opencv-4.2.0\build\bin\Release;C:\Python35\Scripts\;C:\Python35\;C:\Users\Matteo\AppData\Local\Microsoft\WindowsApps;C:\Users\Matteo\AppData\Local\atom\bin;C:\Users\Matteo\AppData\Local\Microsoft\WindowsApps;
#$ PATH=C:/Program Files (x86)/Microsoft Visual Studio 14.0/VC/bin/../../VC/redist/x64/Microsoft.VC140.CRT;C:/Program Files (x86)/Microsoft Visual Studio 14.0/VC/bin/../../VC/redist/x64/Microsoft.VC120.CRT;C:/Program Files (x86)/Microsoft Visual Studio 14.0/VC/bin/../../VC/redist/x64/Microsoft.VC110.CRT;C:/Program Files (x86)/Microsoft Visual Studio 14.0/VC/bin/../../Common7\IDE\CommonExtensions\Microsoft\TestWindow;C:\Program Files (x86)\MSBuild\14.0\bin\amd64;C:/Program Files (x86)/Microsoft Visual Studio 14.0/VC/bin/../../VC/BIN\amd64;C:\WINDOWS\Microsoft.NET\Framework64\v4.0.30319;C:/Program Files (x86)/Microsoft Visual Studio 14.0/VC/bin/../../VC/VCPackages;C:/Program Files (x86)/Microsoft Visual Studio 14.0/VC/bin/../../Common7\IDE;C:/Program Files (x86)/Microsoft Visual Studio 14.0/VC/bin/../../Common7\Tools;C:\Program Files (x86)\HTML Help Workshop;C:/Program Files (x86)/Microsoft Visual Studio 14.0/VC/bin/../../Team Tools\Performance Tools\x64;C:/Program Files (x86)/Microsoft Visual Studio 14.0/VC/bin/../../Team Tools\Performance Tools;C:\Program Files (x86)\Windows Kits\8.1\bin\x64;C:\Program Files (x86)\Windows Kits\8.1\bin\x86;C:\Program Files (x86)\Microsoft SDKs\Windows\v10.0A\bin\NETFX 4.6.1 Tools\x64\;C:\Program Files\mingw-w64\x86_64-8.1.0-posix-seh-rt_v6-rev0\mingw64\bin;C:\Program Files\NVIDIA GPU Computing Toolkit\CUDA\v10.2\bin;C:\Program Files\NVIDIA GPU Computing Toolkit\CUDA\v10.2\libnvvp;C:\Program Files (x86)\Razer Chroma SDK\bin;C:\Program Files\Razer Chroma SDK\bin;c:\programdata\oracle\java\javapath;c:\program files (x86)\intel\icls client\;c:\program files\intel\icls client\;c:\windows\system32;c:\windows;c:\windows\system32\wbem;c:\windows\system32\windowspowershell\v1.0\;c:\program files\hewlett-packard\simplepass\;c:\program files (x86)\windows live\shared;c:\program files (x86)\ati technologies\ati.ace\core-static;c:\program files (x86)\amd\ati.ace\core-static;c:\program files (x86)\intel\intel(r) management engine components\dal;c:\program files\intel\intel(r) management engine components\dal;c:\program files (x86)\intel\intel(r) management engine components\ipt;c:\program files\intel\intel(r) management engine components\ipt;C:\WINDOWS\system32;C:\WINDOWS;C:\WINDOWS\System32\Wbem;C:\WINDOWS\System32\WindowsPowerShell\v1.0\;C:\Users\Matteo\AppData\Local\Micros;C:\WINDOWS\system32;C:\WINDOWS;C:\WINDOWS\System32\Wbem;C:\WINDOWS\System32\WindowsPowerShell\v1.0\;C:\WINDOWS\System32\OpenSSH\;C:\Program Files (x86)\NVIDIA Corporation\PhysX\Common;C:\Program Files\NVIDIA Corporation\NVIDIA NvDLISR;C:\Program Files\PuTTY\;C:\Program Files\mingw-w64\x86_64-8.1.0-posix-seh-rt_v6-rev0\mingw64\bin;C:\mingw64\bin;I:\Matteo\opencv-4.2.0\build\bin;C:\Program Files\NVIDIA Corporation\Nsight Compute 2019.5.0\;C:\Program Files (x86)\Microsoft Visual Studio 14.0\VC\bin;C:\Program Files (x86)\Windows Kits\8.1\bin\x64;C:\WINDOWS\system32\config\systemprofile\.dnx\bin;C:\Program Files\Microsoft DNX\Dnvm\;C:\Program Files (x86)\Windows Kits\8.1\Windows Performance Toolkit\;I:\Matteo\opencv-4.2.0\build\bin\Debug;I:\Matteo\opencv-4.2.0\build\bin\Release;C:\Python35\Scripts\;C:\Python35\;C:\Users\Matteo\AppData\Local\Microsoft\WindowsApps;C:\Users\Matteo\AppData\Local\atom\bin;C:\Users\Matteo\AppData\Local\Microsoft\WindowsApps;
#$ PATH=C:/Program Files (x86)/Microsoft Visual Studio 14.0/VC/bin/../../VC/bin/amd64;C:/Program Files (x86)/Microsoft Visual Studio 14.0/VC/bin/../../VC/redist/x64/Microsoft.VC140.CRT;C:/Program Files (x86)/Microsoft Visual Studio 14.0/VC/bin/../../VC/redist/x64/Microsoft.VC120.CRT;C:/Program Files (x86)/Microsoft Visual Studio 14.0/VC/bin/../../VC/redist/x64/Microsoft.VC110.CRT;C:/Program Files (x86)/Microsoft Visual Studio 14.0/VC/bin/../../Common7\IDE\CommonExtensions\Microsoft\TestWindow;C:\Program Files (x86)\MSBuild\14.0\bin\amd64;C:/Program Files (x86)/Microsoft Visual Studio 14.0/VC/bin/../../VC/BIN\amd64;C:\WINDOWS\Microsoft.NET\Framework64\v4.0.30319;C:/Program Files (x86)/Microsoft Visual Studio 14.0/VC/bin/../../VC/VCPackages;C:/Program Files (x86)/Microsoft Visual Studio 14.0/VC/bin/../../Common7\IDE;C:/Program Files (x86)/Microsoft Visual Studio 14.0/VC/bin/../../Common7\Tools;C:\Program Files (x86)\HTML Help Workshop;C:/Program Files (x86)/Microsoft Visual Studio 14.0/VC/bin/../../Team Tools\Performance Tools\x64;C:/Program Files (x86)/Microsoft Visual Studio 14.0/VC/bin/../../Team Tools\Performance Tools;C:\Program Files (x86)\Windows Kits\8.1\bin\x64;C:\Program Files (x86)\Windows Kits\8.1\bin\x86;C:\Program Files (x86)\Microsoft SDKs\Windows\v10.0A\bin\NETFX 4.6.1 Tools\x64\;C:\Program Files\mingw-w64\x86_64-8.1.0-posix-seh-rt_v6-rev0\mingw64\bin;C:\Program Files\NVIDIA GPU Computing Toolkit\CUDA\v10.2\bin;C:\Program Files\NVIDIA GPU Computing Toolkit\CUDA\v10.2\libnvvp;C:\Program Files (x86)\Razer Chroma SDK\bin;C:\Program Files\Razer Chroma SDK\bin;c:\programdata\oracle\java\javapath;c:\program files (x86)\intel\icls client\;c:\program files\intel\icls client\;c:\windows\system32;c:\windows;c:\windows\system32\wbem;c:\windows\system32\windowspowershell\v1.0\;c:\program files\hewlett-packard\simplepass\;c:\program files (x86)\windows live\shared;c:\program files (x86)\ati technologies\ati.ace\core-static;c:\program files (x86)\amd\ati.ace\core-static;c:\program files (x86)\intel\intel(r) management engine components\dal;c:\program files\intel\intel(r) management engine components\dal;c:\program files (x86)\intel\intel(r) management engine components\ipt;c:\program files\intel\intel(r) management engine components\ipt;C:\WINDOWS\system32;C:\WINDOWS;C:\WINDOWS\System32\Wbem;C:\WINDOWS\System32\WindowsPowerShell\v1.0\;C:\Users\Matteo\AppData\Local\Micros;C:\WINDOWS\system32;C:\WINDOWS;C:\WINDOWS\System32\Wbem;C:\WINDOWS\System32\WindowsPowerShell\v1.0\;C:\WINDOWS\System32\OpenSSH\;C:\Program Files (x86)\NVIDIA Corporation\PhysX\Common;C:\Program Files\NVIDIA Corporation\NVIDIA NvDLISR;C:\Program Files\PuTTY\;C:\Program Files\mingw-w64\x86_64-8.1.0-posix-seh-rt_v6-rev0\mingw64\bin;C:\mingw64\bin;I:\Matteo\opencv-4.2.0\build\bin;C:\Program Files\NVIDIA Corporation\Nsight Compute 2019.5.0\;C:\Program Files (x86)\Microsoft Visual Studio 14.0\VC\bin;C:\Program Files (x86)\Windows Kits\8.1\bin\x64;C:\WINDOWS\system32\config\systemprofile\.dnx\bin;C:\Program Files\Microsoft DNX\Dnvm\;C:\Program Files (x86)\Windows Kits\8.1\Windows Performance Toolkit\;I:\Matteo\opencv-4.2.0\build\bin\Debug;I:\Matteo\opencv-4.2.0\build\bin\Release;C:\Python35\Scripts\;C:\Python35\;C:\Users\Matteo\AppData\Local\Microsoft\WindowsApps;C:\Users\Matteo\AppData\Local\atom\bin;C:\Users\Matteo\AppData\Local\Microsoft\WindowsApps;
#$ _NVVM_BRANCH_=nvvm
#$ _SPACE_= 
#$ _CUDART_=cudart
#$ _HERE_=C:/Program Files/NVIDIA GPU Computing Toolkit/CUDA/v10.2/bin
#$ _THERE_=C:/Program Files/NVIDIA GPU Computing Toolkit/CUDA/v10.2/bin
#$ _TARGET_SIZE_=
#$ _TARGET_DIR_=
#$ _TARGET_SIZE_=64
#$ _WIN_PLATFORM_=x64
#$ TOP=C:/Program Files/NVIDIA GPU Computing Toolkit/CUDA/v10.2/bin/..
#$ NVVMIR_LIBRARY_DIR=C:/Program Files/NVIDIA GPU Computing Toolkit/CUDA/v10.2/bin/../nvvm/libdevice
#$ PATH=C:/Program Files/NVIDIA GPU Computing Toolkit/CUDA/v10.2/bin/../nvvm/bin;C:/Program Files/NVIDIA GPU Computing Toolkit/CUDA/v10.2/bin;C:/Program Files/NVIDIA GPU Computing Toolkit/CUDA/v10.2/bin/../lib;C:/Program Files (x86)/Microsoft Visual Studio 14.0/VC/bin/../../VC/bin/amd64;C:/Program Files (x86)/Microsoft Visual Studio 14.0/VC/bin/../../VC/redist/x64/Microsoft.VC140.CRT;C:/Program Files (x86)/Microsoft Visual Studio 14.0/VC/bin/../../VC/redist/x64/Microsoft.VC120.CRT;C:/Program Files (x86)/Microsoft Visual Studio 14.0/VC/bin/../../VC/redist/x64/Microsoft.VC110.CRT;C:/Program Files (x86)/Microsoft Visual Studio 14.0/VC/bin/../../Common7\IDE\CommonExtensions\Microsoft\TestWindow;C:\Program Files (x86)\MSBuild\14.0\bin\amd64;C:/Program Files (x86)/Microsoft Visual Studio 14.0/VC/bin/../../VC/BIN\amd64;C:\WINDOWS\Microsoft.NET\Framework64\v4.0.30319;C:/Program Files (x86)/Microsoft Visual Studio 14.0/VC/bin/../../VC/VCPackages;C:/Program Files (x86)/Microsoft Visual Studio 14.0/VC/bin/../../Common7\IDE;C:/Program Files (x86)/Microsoft Visual Studio 14.0/VC/bin/../../Common7\Tools;C:\Program Files (x86)\HTML Help Workshop;C:/Program Files (x86)/Microsoft Visual Studio 14.0/VC/bin/../../Team Tools\Performance Tools\x64;C:/Program Files (x86)/Microsoft Visual Studio 14.0/VC/bin/../../Team Tools\Performance Tools;C:\Program Files (x86)\Windows Kits\8.1\bin\x64;C:\Program Files (x86)\Windows Kits\8.1\bin\x86;C:\Program Files (x86)\Microsoft SDKs\Windows\v10.0A\bin\NETFX 4.6.1 Tools\x64\;C:\Program Files\mingw-w64\x86_64-8.1.0-posix-seh-rt_v6-rev0\mingw64\bin;C:\Program Files\NVIDIA GPU Computing Toolkit\CUDA\v10.2\bin;C:\Program Files\NVIDIA GPU Computing Toolkit\CUDA\v10.2\libnvvp;C:\Program Files (x86)\Razer Chroma SDK\bin;C:\Program Files\Razer Chroma SDK\bin;c:\programdata\oracle\java\javapath;c:\program files (x86)\intel\icls client\;c:\program files\intel\icls client\;c:\windows\system32;c:\windows;c:\windows\system32\wbem;c:\windows\system32\windowspowershell\v1.0\;c:\program files\hewlett-packard\simplepass\;c:\program files (x86)\windows live\shared;c:\program files (x86)\ati technologies\ati.ace\core-static;c:\program files (x86)\amd\ati.ace\core-static;c:\program files (x86)\intel\intel(r) management engine components\dal;c:\program files\intel\intel(r) management engine components\dal;c:\program files (x86)\intel\intel(r) management engine components\ipt;c:\program files\intel\intel(r) management engine components\ipt;C:\WINDOWS\system32;C:\WINDOWS;C:\WINDOWS\System32\Wbem;C:\WINDOWS\System32\WindowsPowerShell\v1.0\;C:\Users\Matteo\AppData\Local\Micros;C:\WINDOWS\system32;C:\WINDOWS;C:\WINDOWS\System32\Wbem;C:\WINDOWS\System32\WindowsPowerShell\v1.0\;C:\WINDOWS\System32\OpenSSH\;C:\Program Files (x86)\NVIDIA Corporation\PhysX\Common;C:\Program Files\NVIDIA Corporation\NVIDIA NvDLISR;C:\Program Files\PuTTY\;C:\Program Files\mingw-w64\x86_64-8.1.0-posix-seh-rt_v6-rev0\mingw64\bin;C:\mingw64\bin;I:\Matteo\opencv-4.2.0\build\bin;C:\Program Files\NVIDIA Corporation\Nsight Compute 2019.5.0\;C:\Program Files (x86)\Microsoft Visual Studio 14.0\VC\bin;C:\Program Files (x86)\Windows Kits\8.1\bin\x64;C:\WINDOWS\system32\config\systemprofile\.dnx\bin;C:\Program Files\Microsoft DNX\Dnvm\;C:\Program Files (x86)\Windows Kits\8.1\Windows Performance Toolkit\;I:\Matteo\opencv-4.2.0\build\bin\Debug;I:\Matteo\opencv-4.2.0\build\bin\Release;C:\Python35\Scripts\;C:\Python35\;C:\Users\Matteo\AppData\Local\Microsoft\WindowsApps;C:\Users\Matteo\AppData\Local\atom\bin;C:\Users\Matteo\AppData\Local\Microsoft\WindowsApps;
#$ INCLUDES="-IC:/Program Files/NVIDIA GPU Computing Toolkit/CUDA/v10.2/bin/../include"  
#$ LIBRARIES=  "/LIBPATH:C:/Program Files/NVIDIA GPU Computing Toolkit/CUDA/v10.2/bin/../lib/x64"
#$ CUDAFE_FLAGS=
#$ PTXAS_FLAGS=
#$ erase tmp/a_dlink.reg.c
CMakeCUDACompilerId.cu
#$ cl.exe @"tmp/CMakeCUDACompilerId.cpp1.ii.res" > "tmp/CMakeCUDACompilerId.cpp1.ii" 
CMakeCUDACompilerId.cu
#$ cicc --microsoft_version=1903 --msvc_target_version=1903 --compiler_bindir "C:/Program Files (x86)/Microsoft Visual Studio 14.0/VC/bin/../.." --sdk_dir "C:/Program Files (x86)/Windows Kits/8.1/" --allow_managed  -arch compute_30 -m64 -ftz=0 -prec_div=1 -prec_sqrt=1 -fmad=1 --include_file_name "CMakeCUDACompilerId.fatbin.c" -tused -nvvmir-library "C:/Program Files/NVIDIA GPU Computing Toolkit/CUDA/v10.2/bin/../nvvm/libdevice/libdevice.10.bc" --gen_module_id_file --module_id_file_name "tmp/CMakeCUDACompilerId.module_id" --orig_src_file_name "CMakeCUDACompilerId.cu" --gen_c_file_name "tmp/CMakeCUDACompilerId.cudafe1.c" --stub_file_name "tmp/CMakeCUDACompilerId.cudafe1.stub.c" --gen_device_file_name "tmp/CMakeCUDACompilerId.cudafe1.gpu"  "tmp/CMakeCUDACompilerId.cpp1.ii" -o "tmp/CMakeCUDACompilerId.ptx"
#$ ptxas -arch=sm_30 -m64 "tmp/CMakeCUDACompilerId.ptx"  -o "tmp/CMakeCUDACompilerId.sm_30.cubin" 
#$ fatbinary --create="tmp/CMakeCUDACompilerId.fatbin" -64 --cicc-cmdline="-ftz=0 -prec_div=1 -prec_sqrt=1 -fmad=1 " "--image3=kind=elf,sm=30,file=tmp/CMakeCUDACompilerId.sm_30.cubin" "--image3=kind=ptx,sm=30,file=tmp/CMakeCUDACompilerId.ptx" --embedded-fatbin="tmp/CMakeCUDACompilerId.fatbin.c" 
#$ cl.exe @"tmp/CMakeCUDACompilerId.cpp4.ii.res" > "tmp/CMakeCUDACompilerId.cpp4.ii" 
CMakeCUDACompilerId.cu
#$ cudafe++ --microsoft_version=1903 --msvc_target_version=1903 --compiler_bindir "C:/Program Files (x86)/Microsoft Visual Studio 14.0/VC/bin/../.." --sdk_dir "C:/Program Files (x86)/Windows Kits/8.1/" --allow_managed --m64 --parse_templates --gen_c_file_name "tmp/CMakeCUDACompilerId.cudafe1.cpp" --stub_file_name "CMakeCUDACompilerId.cudafe1.stub.c" --module_id_file_name "tmp/CMakeCUDACompilerId.module_id" "tmp/CMakeCUDACompilerId.cpp4.ii" 
#$ cl.exe @"tmp/CMakeCUDACompilerId.obj.res" -Fo"tmp/CMakeCUDACompilerId.obj" 
CMakeCUDACompilerId.cudafe1.cpp
#$ nvlink --arch=sm_30 --register-link-binaries="tmp/a_dlink.reg.c"  -m64   "/LIBPATH:C:/Program Files/NVIDIA GPU Computing Toolkit/CUDA/v10.2/bin/../lib/x64" -cpu-arch=X86_64 "tmp/CMakeCUDACompilerId.obj"  -o "tmp/a_dlink.sm_30.cubin"
#$ fatbinary --create="tmp/a_dlink.fatbin" -64 --cicc-cmdline="-ftz=0 -prec_div=1 -prec_sqrt=1 -fmad=1 " -link "--image3=kind=elf,sm=30,file=tmp/a_dlink.sm_30.cubin" --embedded-fatbin="tmp/a_dlink.fatbin.c" 
#$ cl.exe @"tmp/a_dlink.obj.res" -Fo"tmp/a_dlink.obj" 
link.stub
#$ cl.exe @"tmp/a.exe.res" -Fe"a.exe" 
   Creating library a.lib and object a.exp


Compilation of the CUDA compiler identification source "CMakeCUDACompilerId.cu" produced "a.exe"

Compilation of the CUDA compiler identification source "CMakeCUDACompilerId.cu" produced "a.exp"

Compilation of the CUDA compiler identification source "CMakeCUDACompilerId.cu" produced "a.lib"

The CUDA compiler identification is NVIDIA, found in "E:/Users/Matteo/Dropbox/University/11/PC/kernel_img_proc_cuda/cmake-build-release/CMakeFiles/3.15.3/CompilerIdCUDA/a.exe"

Parsed CUDA nvcc implicit link information from above output:
  found 'PATH=' string: [C:/Program Files (x86)/Microsoft Visual Studio 14.0/VC/bin/../../Common7\IDE\CommonExtensions\Microsoft\TestWindow;C:\Program Files (x86)\MSBuild\14.0\bin\amd64;C:/Program Files (x86)/Microsoft Visual Studio 14.0/VC/bin/../../VC/BIN\amd64;C:\WINDOWS\Microsoft.NET\Framework64\v4.0.30319;C:/Program Files (x86)/Microsoft Visual Studio 14.0/VC/bin/../../VC/VCPackages;C:/Program Files (x86)/Microsoft Visual Studio 14.0/VC/bin/../../Common7\IDE;C:/Program Files (x86)/Microsoft Visual Studio 14.0/VC/bin/../../Common7\Tools;C:\Program Files (x86)\HTML Help Workshop;C:/Program Files (x86)/Microsoft Visual Studio 14.0/VC/bin/../../Team Tools\Performance Tools\x64;C:/Program Files (x86)/Microsoft Visual Studio 14.0/VC/bin/../../Team Tools\Performance Tools;C:\Program Files (x86)\Windows Kits\8.1\bin\x64;C:\Program Files (x86)\Windows Kits\8.1\bin\x86;C:\Program Files (x86)\Microsoft SDKs\Windows\v10.0A\bin\NETFX 4.6.1 Tools\x64\;C:\Program Files\mingw-w64\x86_64-8.1.0-posix-seh-rt_v6-rev0\mingw64\bin;C:\Program Files\NVIDIA GPU Computing Toolkit\CUDA\v10.2\bin;C:\Program Files\NVIDIA GPU Computing Toolkit\CUDA\v10.2\libnvvp;C:\Program Files (x86)\Razer Chroma SDK\bin;C:\Program Files\Razer Chroma SDK\bin;c:\programdata\oracle\java\javapath;c:\program files (x86)\intel\icls client\;c:\program files\intel\icls client\;c:\windows\system32;c:\windows;c:\windows\system32\wbem;c:\windows\system32\windowspowershell\v1.0\;c:\program files\hewlett-packard\simplepass\;c:\program files (x86)\windows live\shared;c:\program files (x86)\ati technologies\ati.ace\core-static;c:\program files (x86)\amd\ati.ace\core-static;c:\program files (x86)\intel\intel(r) management engine components\dal;c:\program files\intel\intel(r) management engine components\dal;c:\program files (x86)\intel\intel(r) management engine components\ipt;c:\program files\intel\intel(r) management engine components\ipt;C:\WINDOWS\system32;C:\WINDOWS;C:\WINDOWS\System32\Wbem;C:\WINDOWS\System32\WindowsPowerShell\v1.0\;C:\Users\Matteo\AppData\Local\Micros;C:\WINDOWS\system32;C:\WINDOWS;C:\WINDOWS\System32\Wbem;C:\WINDOWS\System32\WindowsPowerShell\v1.0\;C:\WINDOWS\System32\OpenSSH\;C:\Program Files (x86)\NVIDIA Corporation\PhysX\Common;C:\Program Files\NVIDIA Corporation\NVIDIA NvDLISR;C:\Program Files\PuTTY\;C:\Program Files\mingw-w64\x86_64-8.1.0-posix-seh-rt_v6-rev0\mingw64\bin;C:\mingw64\bin;I:\Matteo\opencv-4.2.0\build\bin;C:\Program Files\NVIDIA Corporation\Nsight Compute 2019.5.0\;C:\Program Files (x86)\Microsoft Visual Studio 14.0\VC\bin;C:\Program Files (x86)\Windows Kits\8.1\bin\x64;C:\WINDOWS\system32\config\systemprofile\.dnx\bin;C:\Program Files\Microsoft DNX\Dnvm\;C:\Program Files (x86)\Windows Kits\8.1\Windows Performance Toolkit\;I:\Matteo\opencv-4.2.0\build\bin\Debug;I:\Matteo\opencv-4.2.0\build\bin\Release;C:\Python35\Scripts\;C:\Python35\;C:\Users\Matteo\AppData\Local\Microsoft\WindowsApps;C:\Users\Matteo\AppData\Local\atom\bin;C:\Users\Matteo\AppData\Local\Microsoft\WindowsApps;]
  found 'LIBRARIES=' string: ["/LIBPATH:C:/Program Files/NVIDIA GPU Computing Toolkit/CUDA/v10.2/bin/../lib/x64"]
  considering line: []
  considering line: [E:\Users\Matteo\Dropbox\University\11\PC\kernel_img_proc_cuda\cmake-build-release\CMakeFiles\3.15.3\CompilerIdCUDA>call "C:\Users\Matteo\AppData\Local\Temp/tmpxft_00003c38_00000000-2.bat" ]
  considering line: [E:\Users\Matteo\Dropbox\University\11\PC\kernel_img_proc_cuda\cmake-build-release\CMakeFiles\3.15.3\CompilerIdCUDA>set  1>C:\Users\Matteo\AppData\Local\Temp/tmpxft_00003c38_00000000-1 ]
  considering line: [C:/Program Files (x86)/Microsoft Visual Studio 14.0/VC/bin/../../VC/bin/amd64/vcvars64.bat]
  considering line: [erase tmp/a_dlink.reg.c]
  considering line: [CMakeCUDACompilerId.cu]
  considering line: [cl.exe @"tmp/CMakeCUDACompilerId.cpp1.ii.res" > "tmp/CMakeCUDACompilerId.cpp1.ii" ]
  considering line: [CMakeCUDACompilerId.cu]
  considering line: [cicc --microsoft_version=1903 --msvc_target_version=1903 --compiler_bindir "C:/Program Files (x86)/Microsoft Visual Studio 14.0/VC/bin/../.." --sdk_dir "C:/Program Files (x86)/Windows Kits/8.1/" --allow_managed  -arch compute_30 -m64 -ftz=0 -prec_div=1 -prec_sqrt=1 -fmad=1 --include_file_name "CMakeCUDACompilerId.fatbin.c" -tused -nvvmir-library "C:/Program Files/NVIDIA GPU Computing Toolkit/CUDA/v10.2/bin/../nvvm/libdevice/libdevice.10.bc" --gen_module_id_file --module_id_file_name "tmp/CMakeCUDACompilerId.module_id" --orig_src_file_name "CMakeCUDACompilerId.cu" --gen_c_file_name "tmp/CMakeCUDACompilerId.cudafe1.c" --stub_file_name "tmp/CMakeCUDACompilerId.cudafe1.stub.c" --gen_device_file_name "tmp/CMakeCUDACompilerId.cudafe1.gpu"  "tmp/CMakeCUDACompilerId.cpp1.ii" -o "tmp/CMakeCUDACompilerId.ptx"]
  considering line: [ptxas -arch=sm_30 -m64 "tmp/CMakeCUDACompilerId.ptx"  -o "tmp/CMakeCUDACompilerId.sm_30.cubin" ]
  considering line: [fatbinary --create="tmp/CMakeCUDACompilerId.fatbin" -64 --cicc-cmdline="-ftz=0 -prec_div=1 -prec_sqrt=1 -fmad=1 " "--image3=kind=elf,sm=30,file=tmp/CMakeCUDACompilerId.sm_30.cubin" "--image3=kind=ptx,sm=30,file=tmp/CMakeCUDACompilerId.ptx" --embedded-fatbin="tmp/CMakeCUDACompilerId.fatbin.c" ]
  considering line: [cl.exe @"tmp/CMakeCUDACompilerId.cpp4.ii.res" > "tmp/CMakeCUDACompilerId.cpp4.ii" ]
  considering line: [CMakeCUDACompilerId.cu]
  considering line: [cudafe++ --microsoft_version=1903 --msvc_target_version=1903 --compiler_bindir "C:/Program Files (x86)/Microsoft Visual Studio 14.0/VC/bin/../.." --sdk_dir "C:/Program Files (x86)/Windows Kits/8.1/" --allow_managed --m64 --parse_templates --gen_c_file_name "tmp/CMakeCUDACompilerId.cudafe1.cpp" --stub_file_name "CMakeCUDACompilerId.cudafe1.stub.c" --module_id_file_name "tmp/CMakeCUDACompilerId.module_id" "tmp/CMakeCUDACompilerId.cpp4.ii" ]
  considering line: [cl.exe @"tmp/CMakeCUDACompilerId.obj.res" -Fo"tmp/CMakeCUDACompilerId.obj" ]
  considering line: [CMakeCUDACompilerId.cudafe1.cpp]
  considering line: [nvlink --arch=sm_30 --register-link-binaries="tmp/a_dlink.reg.c"  -m64   "/LIBPATH:C:/Program Files/NVIDIA GPU Computing Toolkit/CUDA/v10.2/bin/../lib/x64" -cpu-arch=X86_64 "tmp/CMakeCUDACompilerId.obj"  -o "tmp/a_dlink.sm_30.cubin"]
    ignoring nvlink line
  considering line: [fatbinary --create="tmp/a_dlink.fatbin" -64 --cicc-cmdline="-ftz=0 -prec_div=1 -prec_sqrt=1 -fmad=1 " -link "--image3=kind=elf,sm=30,file=tmp/a_dlink.sm_30.cubin" --embedded-fatbin="tmp/a_dlink.fatbin.c" ]
  considering line: [cl.exe @"tmp/a_dlink.obj.res" -Fo"tmp/a_dlink.obj" ]
  considering line: [link.stub]
  considering line: [cl.exe @"tmp/a.exe.res" -Fe"a.exe" ]
    extracted link line: [cl.exe -nologo "tmp/a_dlink.obj" "tmp/CMakeCUDACompilerId.obj" -link -INCREMENTAL:NO   "/LIBPATH:C:/Program Files/NVIDIA GPU Computing Toolkit/CUDA/v10.2/bin/../lib/x64"  cudadevrt.lib  cudart_static.lib -Fe"a.exe" ]
  considering line: [   Creating library a.lib and object a.exp]
  considering line: []

  link line regex: [^( *|.*[/\])(ld\.exe|CMAKE_LINK_STARTFILE-NOTFOUND|([^/\]+-)?ld|collect2)[^/\]*( |$)]
  link line: [cuda-fake-ld cl.exe -nologo "tmp/a_dlink.obj" "tmp/CMakeCUDACompilerId.obj" -link -INCREMENTAL:NO   "/LIBPATH:C:/Program Files/NVIDIA GPU Computing Toolkit/CUDA/v10.2/bin/../lib/x64"  cudadevrt.lib  cudart_static.lib -Fe"a.exe" ]
    arg [cuda-fake-ld] ==> ignore
    arg [cl.exe] ==> recognize MSVC cl
    arg [-nologo] ==> ignore
    arg [tmp/a_dlink.obj] ==> ignore
    arg [tmp/CMakeCUDACompilerId.obj] ==> ignore
    arg [-link] ==> ignore MSVC cl option
    arg [-INCREMENTAL:NO] ==> ignore
    arg [/LIBPATH:C:/Program Files/NVIDIA GPU Computing Toolkit/CUDA/v10.2/bin/../lib/x64] ==> dir [C:/Program Files/NVIDIA GPU Computing Toolkit/CUDA/v10.2/bin/../lib/x64]
    arg [cudadevrt.lib] ==> lib [cudadevrt.lib]
    arg [cudart_static.lib] ==> lib [cudart_static.lib]
    arg [-Fea.exe] ==> ignore
  collapse library dir [C:/Program Files/NVIDIA GPU Computing Toolkit/CUDA/v10.2/bin/../lib/x64] ==> [C:/Program Files/NVIDIA GPU Computing Toolkit/CUDA/v10.2/lib/x64]
  implicit libs: [cudadevrt.lib;cudart_static.lib]
  implicit dirs: [C:/Program Files/NVIDIA GPU Computing Toolkit/CUDA/v10.2/lib/x64]
  implicit fwks: []


Parsed CUDA nvcc include information from above output:
  found 'PATH=' string: [C:/Program Files (x86)/Microsoft Visual Studio 14.0/VC/bin/../../Common7\IDE\CommonExtensions\Microsoft\TestWindow;C:\Program Files (x86)\MSBuild\14.0\bin\amd64;C:/Program Files (x86)/Microsoft Visual Studio 14.0/VC/bin/../../VC/BIN\amd64;C:\WINDOWS\Microsoft.NET\Framework64\v4.0.30319;C:/Program Files (x86)/Microsoft Visual Studio 14.0/VC/bin/../../VC/VCPackages;C:/Program Files (x86)/Microsoft Visual Studio 14.0/VC/bin/../../Common7\IDE;C:/Program Files (x86)/Microsoft Visual Studio 14.0/VC/bin/../../Common7\Tools;C:\Program Files (x86)\HTML Help Workshop;C:/Program Files (x86)/Microsoft Visual Studio 14.0/VC/bin/../../Team Tools\Performance Tools\x64;C:/Program Files (x86)/Microsoft Visual Studio 14.0/VC/bin/../../Team Tools\Performance Tools;C:\Program Files (x86)\Windows Kits\8.1\bin\x64;C:\Program Files (x86)\Windows Kits\8.1\bin\x86;C:\Program Files (x86)\Microsoft SDKs\Windows\v10.0A\bin\NETFX 4.6.1 Tools\x64\;C:\Program Files\mingw-w64\x86_64-8.1.0-posix-seh-rt_v6-rev0\mingw64\bin;C:\Program Files\NVIDIA GPU Computing Toolkit\CUDA\v10.2\bin;C:\Program Files\NVIDIA GPU Computing Toolkit\CUDA\v10.2\libnvvp;C:\Program Files (x86)\Razer Chroma SDK\bin;C:\Program Files\Razer Chroma SDK\bin;c:\programdata\oracle\java\javapath;c:\program files (x86)\intel\icls client\;c:\program files\intel\icls client\;c:\windows\system32;c:\windows;c:\windows\system32\wbem;c:\windows\system32\windowspowershell\v1.0\;c:\program files\hewlett-packard\simplepass\;c:\program files (x86)\windows live\shared;c:\program files (x86)\ati technologies\ati.ace\core-static;c:\program files (x86)\amd\ati.ace\core-static;c:\program files (x86)\intel\intel(r) management engine components\dal;c:\program files\intel\intel(r) management engine components\dal;c:\program files (x86)\intel\intel(r) management engine components\ipt;c:\program files\intel\intel(r) management engine components\ipt;C:\WINDOWS\system32;C:\WINDOWS;C:\WINDOWS\System32\Wbem;C:\WINDOWS\System32\WindowsPowerShell\v1.0\;C:\Users\Matteo\AppData\Local\Micros;C:\WINDOWS\system32;C:\WINDOWS;C:\WINDOWS\System32\Wbem;C:\WINDOWS\System32\WindowsPowerShell\v1.0\;C:\WINDOWS\System32\OpenSSH\;C:\Program Files (x86)\NVIDIA Corporation\PhysX\Common;C:\Program Files\NVIDIA Corporation\NVIDIA NvDLISR;C:\Program Files\PuTTY\;C:\Program Files\mingw-w64\x86_64-8.1.0-posix-seh-rt_v6-rev0\mingw64\bin;C:\mingw64\bin;I:\Matteo\opencv-4.2.0\build\bin;C:\Program Files\NVIDIA Corporation\Nsight Compute 2019.5.0\;C:\Program Files (x86)\Microsoft Visual Studio 14.0\VC\bin;C:\Program Files (x86)\Windows Kits\8.1\bin\x64;C:\WINDOWS\system32\config\systemprofile\.dnx\bin;C:\Program Files\Microsoft DNX\Dnvm\;C:\Program Files (x86)\Windows Kits\8.1\Windows Performance Toolkit\;I:\Matteo\opencv-4.2.0\build\bin\Debug;I:\Matteo\opencv-4.2.0\build\bin\Release;C:\Python35\Scripts\;C:\Python35\;C:\Users\Matteo\AppData\Local\Microsoft\WindowsApps;C:\Users\Matteo\AppData\Local\atom\bin;C:\Users\Matteo\AppData\Local\Microsoft\WindowsApps;]
  found 'LIBRARIES=' string: ["/LIBPATH:C:/Program Files/NVIDIA GPU Computing Toolkit/CUDA/v10.2/bin/../lib/x64"]
  considering line: []
  considering line: [E:\Users\Matteo\Dropbox\University\11\PC\kernel_img_proc_cuda\cmake-build-release\CMakeFiles\3.15.3\CompilerIdCUDA>call "C:\Users\Matteo\AppData\Local\Temp/tmpxft_00003c38_00000000-2.bat" ]
  considering line: [E:\Users\Matteo\Dropbox\University\11\PC\kernel_img_proc_cuda\cmake-build-release\CMakeFiles\3.15.3\CompilerIdCUDA>set  1>C:\Users\Matteo\AppData\Local\Temp/tmpxft_00003c38_00000000-1 ]
  considering line: [C:/Program Files (x86)/Microsoft Visual Studio 14.0/VC/bin/../../VC/bin/amd64/vcvars64.bat]
  considering line: [erase tmp/a_dlink.reg.c]
  considering line: [CMakeCUDACompilerId.cu]
  considering line: [cl.exe @"tmp/CMakeCUDACompilerId.cpp1.ii.res" > "tmp/CMakeCUDACompilerId.cpp1.ii" ]
  considering line: [CMakeCUDACompilerId.cu]
  considering line: [cicc --microsoft_version=1903 --msvc_target_version=1903 --compiler_bindir "C:/Program Files (x86)/Microsoft Visual Studio 14.0/VC/bin/../.." --sdk_dir "C:/Program Files (x86)/Windows Kits/8.1/" --allow_managed  -arch compute_30 -m64 -ftz=0 -prec_div=1 -prec_sqrt=1 -fmad=1 --include_file_name "CMakeCUDACompilerId.fatbin.c" -tused -nvvmir-library "C:/Program Files/NVIDIA GPU Computing Toolkit/CUDA/v10.2/bin/../nvvm/libdevice/libdevice.10.bc" --gen_module_id_file --module_id_file_name "tmp/CMakeCUDACompilerId.module_id" --orig_src_file_name "CMakeCUDACompilerId.cu" --gen_c_file_name "tmp/CMakeCUDACompilerId.cudafe1.c" --stub_file_name "tmp/CMakeCUDACompilerId.cudafe1.stub.c" --gen_device_file_name "tmp/CMakeCUDACompilerId.cudafe1.gpu"  "tmp/CMakeCUDACompilerId.cpp1.ii" -o "tmp/CMakeCUDACompilerId.ptx"]
  considering line: [ptxas -arch=sm_30 -m64 "tmp/CMakeCUDACompilerId.ptx"  -o "tmp/CMakeCUDACompilerId.sm_30.cubin" ]
  considering line: [fatbinary --create="tmp/CMakeCUDACompilerId.fatbin" -64 --cicc-cmdline="-ftz=0 -prec_div=1 -prec_sqrt=1 -fmad=1 " "--image3=kind=elf,sm=30,file=tmp/CMakeCUDACompilerId.sm_30.cubin" "--image3=kind=ptx,sm=30,file=tmp/CMakeCUDACompilerId.ptx" --embedded-fatbin="tmp/CMakeCUDACompilerId.fatbin.c" ]
  considering line: [cl.exe @"tmp/CMakeCUDACompilerId.cpp4.ii.res" > "tmp/CMakeCUDACompilerId.cpp4.ii" ]
  considering line: [CMakeCUDACompilerId.cu]
  considering line: [cudafe++ --microsoft_version=1903 --msvc_target_version=1903 --compiler_bindir "C:/Program Files (x86)/Microsoft Visual Studio 14.0/VC/bin/../.." --sdk_dir "C:/Program Files (x86)/Windows Kits/8.1/" --allow_managed --m64 --parse_templates --gen_c_file_name "tmp/CMakeCUDACompilerId.cudafe1.cpp" --stub_file_name "CMakeCUDACompilerId.cudafe1.stub.c" --module_id_file_name "tmp/CMakeCUDACompilerId.module_id" "tmp/CMakeCUDACompilerId.cpp4.ii" ]
  considering line: [cl.exe @"tmp/CMakeCUDACompilerId.obj.res" -Fo"tmp/CMakeCUDACompilerId.obj" ]
  considering line: [CMakeCUDACompilerId.cudafe1.cpp]
  considering line: [nvlink --arch=sm_30 --register-link-binaries="tmp/a_dlink.reg.c"  -m64   "/LIBPATH:C:/Program Files/NVIDIA GPU Computing Toolkit/CUDA/v10.2/bin/../lib/x64" -cpu-arch=X86_64 "tmp/CMakeCUDACompilerId.obj"  -o "tmp/a_dlink.sm_30.cubin"]
    ignoring nvlink line
  considering line: [fatbinary --create="tmp/a_dlink.fatbin" -64 --cicc-cmdline="-ftz=0 -prec_div=1 -prec_sqrt=1 -fmad=1 " -link "--image3=kind=elf,sm=30,file=tmp/a_dlink.sm_30.cubin" --embedded-fatbin="tmp/a_dlink.fatbin.c" ]
  considering line: [cl.exe @"tmp/a_dlink.obj.res" -Fo"tmp/a_dlink.obj" ]
  considering line: [link.stub]
  considering line: [cl.exe @"tmp/a.exe.res" -Fe"a.exe" ]
    extracted link line: [cl.exe -nologo "tmp/a_dlink.obj" "tmp/CMakeCUDACompilerId.obj" -link -INCREMENTAL:NO   "/LIBPATH:C:/Program Files/NVIDIA GPU Computing Toolkit/CUDA/v10.2/bin/../lib/x64"  cudadevrt.lib  cudart_static.lib -Fe"a.exe" ]
  considering line: [   Creating library a.lib and object a.exp]
  considering line: []
  found 'INCLUDES=' string: ["-IC:/Program Files/NVIDIA GPU Computing Toolkit/CUDA/v10.2/bin/../include"  ]

  link line regex: [^( *|.*[/\])(ld\.exe|CMAKE_LINK_STARTFILE-NOTFOUND|([^/\]+-)?ld|collect2)[^/\]*( |$)]
  link line: [cuda-fake-ld cl.exe -nologo "tmp/a_dlink.obj" "tmp/CMakeCUDACompilerId.obj" -link -INCREMENTAL:NO   "/LIBPATH:C:/Program Files/NVIDIA GPU Computing Toolkit/CUDA/v10.2/bin/../lib/x64"  cudadevrt.lib  cudart_static.lib -Fe"a.exe" ]
    arg [cuda-fake-ld] ==> ignore
    arg [cl.exe] ==> recognize MSVC cl
    arg [-nologo] ==> ignore
    arg [tmp/a_dlink.obj] ==> ignore
    arg [tmp/CMakeCUDACompilerId.obj] ==> ignore
    arg [-link] ==> ignore MSVC cl option
    arg [-INCREMENTAL:NO] ==> ignore
    arg [/LIBPATH:C:/Program Files/NVIDIA GPU Computing Toolkit/CUDA/v10.2/bin/../lib/x64] ==> dir [C:/Program Files/NVIDIA GPU Computing Toolkit/CUDA/v10.2/bin/../lib/x64]
    arg [cudadevrt.lib] ==> lib [cudadevrt.lib]
    arg [cudart_static.lib] ==> lib [cudart_static.lib]
    arg [-Fea.exe] ==> ignore
  collapse library dir [C:/Program Files/NVIDIA GPU Computing Toolkit/CUDA/v10.2/bin/../lib/x64] ==> [C:/Program Files/NVIDIA GPU Computing Toolkit/CUDA/v10.2/lib/x64]
  implicit libs: [cudadevrt.lib;cudart_static.lib]
  implicit dirs: [C:/Program Files/NVIDIA GPU Computing Toolkit/CUDA/v10.2/lib/x64]
  implicit fwks: []


Determining if the CXX compiler works passed with the following output:
Change Dir: E:/Users/Matteo/Dropbox/University/11/PC/kernel_img_proc_cuda/cmake-build-release/CMakeFiles/CMakeTmp

Run Build Command(s):C:/PROGRA~1/MINGW-~1/X86_64~1.0-P/mingw64/bin/mingw32-make.exe cmTC_d54c2/fast && C:/PROGRA~1/MINGW-~1/X86_64~1.0-P/mingw64/bin/mingw32-make.exe -f CMakeFiles\cmTC_d54c2.dir\build.make CMakeFiles/cmTC_d54c2.dir/build
mingw32-make.exe[1]: Entering directory 'E:/Users/Matteo/Dropbox/University/11/PC/kernel_img_proc_cuda/cmake-build-release/CMakeFiles/CMakeTmp'
Building CXX object CMakeFiles/cmTC_d54c2.dir/testCXXCompiler.cxx.obj
C:\PROGRA~1\MINGW-~1\X86_64~1.0-P\mingw64\bin\G__~1.EXE     -o CMakeFiles\cmTC_d54c2.dir\testCXXCompiler.cxx.obj -c E:\Users\Matteo\Dropbox\University\11\PC\kernel_img_proc_cuda\cmake-build-release\CMakeFiles\CMakeTmp\testCXXCompiler.cxx
Linking CXX executable cmTC_d54c2.exe
"E:\Program Files\JetBrains\CLion 2019.2.5\bin\cmake\win\bin\cmake.exe" -E cmake_link_script CMakeFiles\cmTC_d54c2.dir\link.txt --verbose=1
"E:\Program Files\JetBrains\CLion 2019.2.5\bin\cmake\win\bin\cmake.exe" -E remove -f CMakeFiles\cmTC_d54c2.dir/objects.a
C:\PROGRA~1\MINGW-~1\X86_64~1.0-P\mingw64\bin\ar.exe cr CMakeFiles\cmTC_d54c2.dir/objects.a @CMakeFiles\cmTC_d54c2.dir\objects1.rsp
C:\PROGRA~1\MINGW-~1\X86_64~1.0-P\mingw64\bin\G__~1.EXE      -Wl,--whole-archive CMakeFiles\cmTC_d54c2.dir/objects.a -Wl,--no-whole-archive  -o cmTC_d54c2.exe -Wl,--out-implib,libcmTC_d54c2.dll.a -Wl,--major-image-version,0,--minor-image-version,0 @CMakeFiles\cmTC_d54c2.dir\linklibs.rsp
mingw32-make.exe[1]: Leaving directory 'E:/Users/Matteo/Dropbox/University/11/PC/kernel_img_proc_cuda/cmake-build-release/CMakeFiles/CMakeTmp'



Detecting CXX compiler ABI info compiled with the following output:
Change Dir: E:/Users/Matteo/Dropbox/University/11/PC/kernel_img_proc_cuda/cmake-build-release/CMakeFiles/CMakeTmp

Run Build Command(s):C:/PROGRA~1/MINGW-~1/X86_64~1.0-P/mingw64/bin/mingw32-make.exe cmTC_77fbe/fast && C:/PROGRA~1/MINGW-~1/X86_64~1.0-P/mingw64/bin/mingw32-make.exe -f CMakeFiles\cmTC_77fbe.dir\build.make CMakeFiles/cmTC_77fbe.dir/build
mingw32-make.exe[1]: Entering directory 'E:/Users/Matteo/Dropbox/University/11/PC/kernel_img_proc_cuda/cmake-build-release/CMakeFiles/CMakeTmp'
Building CXX object CMakeFiles/cmTC_77fbe.dir/CMakeCXXCompilerABI.cpp.obj
C:\PROGRA~1\MINGW-~1\X86_64~1.0-P\mingw64\bin\G__~1.EXE    -v -o CMakeFiles\cmTC_77fbe.dir\CMakeCXXCompilerABI.cpp.obj -c "E:\Program Files\JetBrains\CLion 2019.2.5\bin\cmake\win\share\cmake-3.15\Modules\CMakeCXXCompilerABI.cpp"
Using built-in specs.
COLLECT_GCC=C:\PROGRA~1\MINGW-~1\X86_64~1.0-P\mingw64\bin\G__~1.EXE
Target: x86_64-w64-mingw32
Configured with: ../../../src/gcc-8.1.0/configure --host=x86_64-w64-mingw32 --build=x86_64-w64-mingw32 --target=x86_64-w64-mingw32 --prefix=/mingw64 --with-sysroot=/c/mingw810/x86_64-810-posix-seh-rt_v6-rev0/mingw64 --enable-shared --enable-static --disable-multilib --enable-languages=c,c++,fortran,lto --enable-libstdcxx-time=yes --enable-threads=posix --enable-libgomp --enable-libatomic --enable-lto --enable-graphite --enable-checking=release --enable-fully-dynamic-string --enable-version-specific-runtime-libs --disable-libstdcxx-pch --disable-libstdcxx-debug --enable-bootstrap --disable-rpath --disable-win32-registry --disable-nls --disable-werror --disable-symvers --with-gnu-as --with-gnu-ld --with-arch=nocona --with-tune=core2 --with-libiconv --with-system-zlib --with-gmp=/c/mingw810/prerequisites/x86_64-w64-mingw32-static --with-mpfr=/c/mingw810/prerequisites/x86_64-w64-mingw32-static --with-mpc=/c/mingw810/prerequisites/x86_64-w64-mingw32-static --with-isl=/c/mingw810/prerequisites/x86_64-w64-mingw32-static --with-pkgversion='x86_64-posix-seh-rev0, Built by MinGW-W64 project' --with-bugurl=https://sourceforge.net/projects/mingw-w64 CFLAGS='-O2 -pipe -fno-ident -I/c/mingw810/x86_64-810-posix-seh-rt_v6-rev0/mingw64/opt/include -I/c/mingw810/prerequisites/x86_64-zlib-static/include -I/c/mingw810/prerequisites/x86_64-w64-mingw32-static/include' CXXFLAGS='-O2 -pipe -fno-ident -I/c/mingw810/x86_64-810-posix-seh-rt_v6-rev0/mingw64/opt/include -I/c/mingw810/prerequisites/x86_64-zlib-static/include -I/c/mingw810/prerequisites/x86_64-w64-mingw32-static/include' CPPFLAGS=' -I/c/mingw810/x86_64-810-posix-seh-rt_v6-rev0/mingw64/opt/include -I/c/mingw810/prerequisites/x86_64-zlib-static/include -I/c/mingw810/prerequisites/x86_64-w64-mingw32-static/include' LDFLAGS='-pipe -fno-ident -L/c/mingw810/x86_64-810-posix-seh-rt_v6-rev0/mingw64/opt/lib -L/c/mingw810/prerequisites/x86_64-zlib-static/lib -L/c/mingw810/prerequisites/x86_64-w64-mingw32-static/lib '
Thread model: posix
gcc version 8.1.0 (x86_64-posix-seh-rev0, Built by MinGW-W64 project) 
COLLECT_GCC_OPTIONS='-v' '-o' 'CMakeFiles\cmTC_77fbe.dir\CMakeCXXCompilerABI.cpp.obj' '-c' '-shared-libgcc' '-mtune=core2' '-march=nocona'
 C:/PROGRA~1/MINGW-~1/X86_64~1.0-P/mingw64/bin/../libexec/gcc/x86_64-w64-mingw32/8.1.0/cc1plus.exe -quiet -v -iprefix C:/PROGRA~1/MINGW-~1/X86_64~1.0-P/mingw64/bin/../lib/gcc/x86_64-w64-mingw32/8.1.0/ -D_REENTRANT E:\Program Files\JetBrains\CLion 2019.2.5\bin\cmake\win\share\cmake-3.15\Modules\CMakeCXXCompilerABI.cpp -quiet -dumpbase CMakeCXXCompilerABI.cpp -mtune=core2 -march=nocona -auxbase-strip CMakeFiles\cmTC_77fbe.dir\CMakeCXXCompilerABI.cpp.obj -version -o C:\Users\Matteo\AppData\Local\Temp\cchjq6X8.s
GNU C++14 (x86_64-posix-seh-rev0, Built by MinGW-W64 project) version 8.1.0 (x86_64-w64-mingw32)
	compiled by GNU C version 8.1.0, GMP version 6.1.2, MPFR version 4.0.1, MPC version 1.1.0, isl version isl-0.18-GMP

GGC heuristics: --param ggc-min-expand=100 --param ggc-min-heapsize=131072
ignoring duplicate directory "C:/PROGRA~1/MINGW-~1/X86_64~1.0-P/mingw64/lib/gcc/../../lib/gcc/x86_64-w64-mingw32/8.1.0/include/c++"
ignoring duplicate directory "C:/PROGRA~1/MINGW-~1/X86_64~1.0-P/mingw64/lib/gcc/../../lib/gcc/x86_64-w64-mingw32/8.1.0/include/c++/x86_64-w64-mingw32"
ignoring duplicate directory "C:/PROGRA~1/MINGW-~1/X86_64~1.0-P/mingw64/lib/gcc/../../lib/gcc/x86_64-w64-mingw32/8.1.0/include/c++/backward"
ignoring duplicate directory "C:/PROGRA~1/MINGW-~1/X86_64~1.0-P/mingw64/lib/gcc/../../lib/gcc/x86_64-w64-mingw32/8.1.0/include"
ignoring nonexistent directory "C:/mingw810/x86_64-810-posix-seh-rt_v6-rev0/mingw64C:/msys64/mingw64/lib/gcc/x86_64-w64-mingw32/8.1.0/../../../../include"
ignoring duplicate directory "C:/PROGRA~1/MINGW-~1/X86_64~1.0-P/mingw64/lib/gcc/../../lib/gcc/x86_64-w64-mingw32/8.1.0/include-fixed"
ignoring duplicate directory "C:/PROGRA~1/MINGW-~1/X86_64~1.0-P/mingw64/lib/gcc/../../lib/gcc/x86_64-w64-mingw32/8.1.0/../../../../x86_64-w64-mingw32/include"
ignoring nonexistent directory "C:/mingw810/x86_64-810-posix-seh-rt_v6-rev0/mingw64/mingw/include"
#include "..." search starts here:
#include <...> search starts here:
 C:/PROGRA~1/MINGW-~1/X86_64~1.0-P/mingw64/bin/../lib/gcc/x86_64-w64-mingw32/8.1.0/include/c++
 C:/PROGRA~1/MINGW-~1/X86_64~1.0-P/mingw64/bin/../lib/gcc/x86_64-w64-mingw32/8.1.0/include/c++/x86_64-w64-mingw32
 C:/PROGRA~1/MINGW-~1/X86_64~1.0-P/mingw64/bin/../lib/gcc/x86_64-w64-mingw32/8.1.0/include/c++/backward
 C:/PROGRA~1/MINGW-~1/X86_64~1.0-P/mingw64/bin/../lib/gcc/x86_64-w64-mingw32/8.1.0/include
 C:/PROGRA~1/MINGW-~1/X86_64~1.0-P/mingw64/bin/../lib/gcc/x86_64-w64-mingw32/8.1.0/include-fixed
 C:/PROGRA~1/MINGW-~1/X86_64~1.0-P/mingw64/bin/../lib/gcc/x86_64-w64-mingw32/8.1.0/../../../../x86_64-w64-mingw32/include
End of search list.
GNU C++14 (x86_64-posix-seh-rev0, Built by MinGW-W64 project) version 8.1.0 (x86_64-w64-mingw32)
	compiled by GNU C version 8.1.0, GMP version 6.1.2, MPFR version 4.0.1, MPC version 1.1.0, isl version isl-0.18-GMP

GGC heuristics: --param ggc-min-expand=100 --param ggc-min-heapsize=131072
Compiler executable checksum: 82f0c9785fd37a38ba7b7f8357369a82
COLLECT_GCC_OPTIONS='-v' '-o' 'CMakeFiles\cmTC_77fbe.dir\CMakeCXXCompilerABI.cpp.obj' '-c' '-shared-libgcc' '-mtune=core2' '-march=nocona'
 C:/PROGRA~1/MINGW-~1/X86_64~1.0-P/mingw64/bin/../lib/gcc/x86_64-w64-mingw32/8.1.0/../../../../x86_64-w64-mingw32/bin/as.exe -v -o CMakeFiles\cmTC_77fbe.dir\CMakeCXXCompilerABI.cpp.obj C:\Users\Matteo\AppData\Local\Temp\cchjq6X8.s
GNU assembler version 2.30 (x86_64-w64-mingw32) using BFD version (GNU Binutils) 2.30
COMPILER_PATH=C:/PROGRA~1/MINGW-~1/X86_64~1.0-P/mingw64/bin/../libexec/gcc/x86_64-w64-mingw32/8.1.0/;C:/PROGRA~1/MINGW-~1/X86_64~1.0-P/mingw64/bin/../libexec/gcc/;C:/PROGRA~1/MINGW-~1/X86_64~1.0-P/mingw64/bin/../lib/gcc/x86_64-w64-mingw32/8.1.0/../../../../x86_64-w64-mingw32/bin/
LIBRARY_PATH=C:/PROGRA~1/MINGW-~1/X86_64~1.0-P/mingw64/bin/../lib/gcc/x86_64-w64-mingw32/8.1.0/;C:/PROGRA~1/MINGW-~1/X86_64~1.0-P/mingw64/bin/../lib/gcc/;C:/PROGRA~1/MINGW-~1/X86_64~1.0-P/mingw64/bin/../lib/gcc/x86_64-w64-mingw32/8.1.0/../../../../x86_64-w64-mingw32/lib/../lib/;C:/PROGRA~1/MINGW-~1/X86_64~1.0-P/mingw64/bin/../lib/gcc/x86_64-w64-mingw32/8.1.0/../../../../lib/;C:/PROGRA~1/MINGW-~1/X86_64~1.0-P/mingw64/bin/../lib/gcc/x86_64-w64-mingw32/8.1.0/../../../../x86_64-w64-mingw32/lib/;C:/PROGRA~1/MINGW-~1/X86_64~1.0-P/mingw64/bin/../lib/gcc/x86_64-w64-mingw32/8.1.0/../../../
COLLECT_GCC_OPTIONS='-v' '-o' 'CMakeFiles\cmTC_77fbe.dir\CMakeCXXCompilerABI.cpp.obj' '-c' '-shared-libgcc' '-mtune=core2' '-march=nocona'
Linking CXX executable cmTC_77fbe.exe
"E:\Program Files\JetBrains\CLion 2019.2.5\bin\cmake\win\bin\cmake.exe" -E cmake_link_script CMakeFiles\cmTC_77fbe.dir\link.txt --verbose=1
"E:\Program Files\JetBrains\CLion 2019.2.5\bin\cmake\win\bin\cmake.exe" -E remove -f CMakeFiles\cmTC_77fbe.dir/objects.a
C:\PROGRA~1\MINGW-~1\X86_64~1.0-P\mingw64\bin\ar.exe cr CMakeFiles\cmTC_77fbe.dir/objects.a @CMakeFiles\cmTC_77fbe.dir\objects1.rsp
C:\PROGRA~1\MINGW-~1\X86_64~1.0-P\mingw64\bin\G__~1.EXE     -v -Wl,--whole-archive CMakeFiles\cmTC_77fbe.dir/objects.a -Wl,--no-whole-archive  -o cmTC_77fbe.exe -Wl,--out-implib,libcmTC_77fbe.dll.a -Wl,--major-image-version,0,--minor-image-version,0 
Using built-in specs.
COLLECT_GCC=C:\PROGRA~1\MINGW-~1\X86_64~1.0-P\mingw64\bin\G__~1.EXE
COLLECT_LTO_WRAPPER=C:/PROGRA~1/MINGW-~1/X86_64~1.0-P/mingw64/bin/../libexec/gcc/x86_64-w64-mingw32/8.1.0/lto-wrapper.exe
Target: x86_64-w64-mingw32
Configured with: ../../../src/gcc-8.1.0/configure --host=x86_64-w64-mingw32 --build=x86_64-w64-mingw32 --target=x86_64-w64-mingw32 --prefix=/mingw64 --with-sysroot=/c/mingw810/x86_64-810-posix-seh-rt_v6-rev0/mingw64 --enable-shared --enable-static --disable-multilib --enable-languages=c,c++,fortran,lto --enable-libstdcxx-time=yes --enable-threads=posix --enable-libgomp --enable-libatomic --enable-lto --enable-graphite --enable-checking=release --enable-fully-dynamic-string --enable-version-specific-runtime-libs --disable-libstdcxx-pch --disable-libstdcxx-debug --enable-bootstrap --disable-rpath --disable-win32-registry --disable-nls --disable-werror --disable-symvers --with-gnu-as --with-gnu-ld --with-arch=nocona --with-tune=core2 --with-libiconv --with-system-zlib --with-gmp=/c/mingw810/prerequisites/x86_64-w64-mingw32-static --with-mpfr=/c/mingw810/prerequisites/x86_64-w64-mingw32-static --with-mpc=/c/mingw810/prerequisites/x86_64-w64-mingw32-static --with-isl=/c/mingw810/prerequisites/x86_64-w64-mingw32-static --with-pkgversion='x86_64-posix-seh-rev0, Built by MinGW-W64 project' --with-bugurl=https://sourceforge.net/projects/mingw-w64 CFLAGS='-O2 -pipe -fno-ident -I/c/mingw810/x86_64-810-posix-seh-rt_v6-rev0/mingw64/opt/include -I/c/mingw810/prerequisites/x86_64-zlib-static/include -I/c/mingw810/prerequisites/x86_64-w64-mingw32-static/include' CXXFLAGS='-O2 -pipe -fno-ident -I/c/mingw810/x86_64-810-posix-seh-rt_v6-rev0/mingw64/opt/include -I/c/mingw810/prerequisites/x86_64-zlib-static/include -I/c/mingw810/prerequisites/x86_64-w64-mingw32-static/include' CPPFLAGS=' -I/c/mingw810/x86_64-810-posix-seh-rt_v6-rev0/mingw64/opt/include -I/c/mingw810/prerequisites/x86_64-zlib-static/include -I/c/mingw810/prerequisites/x86_64-w64-mingw32-static/include' LDFLAGS='-pipe -fno-ident -L/c/mingw810/x86_64-810-posix-seh-rt_v6-rev0/mingw64/opt/lib -L/c/mingw810/prerequisites/x86_64-zlib-static/lib -L/c/mingw810/prerequisites/x86_64-w64-mingw32-static/lib '
Thread model: posix
gcc version 8.1.0 (x86_64-posix-seh-rev0, Built by MinGW-W64 project) 
COMPILER_PATH=C:/PROGRA~1/MINGW-~1/X86_64~1.0-P/mingw64/bin/../libexec/gcc/x86_64-w64-mingw32/8.1.0/;C:/PROGRA~1/MINGW-~1/X86_64~1.0-P/mingw64/bin/../libexec/gcc/;C:/PROGRA~1/MINGW-~1/X86_64~1.0-P/mingw64/bin/../lib/gcc/x86_64-w64-mingw32/8.1.0/../../../../x86_64-w64-mingw32/bin/
LIBRARY_PATH=C:/PROGRA~1/MINGW-~1/X86_64~1.0-P/mingw64/bin/../lib/gcc/x86_64-w64-mingw32/8.1.0/;C:/PROGRA~1/MINGW-~1/X86_64~1.0-P/mingw64/bin/../lib/gcc/;C:/PROGRA~1/MINGW-~1/X86_64~1.0-P/mingw64/bin/../lib/gcc/x86_64-w64-mingw32/8.1.0/../../../../x86_64-w64-mingw32/lib/../lib/;C:/PROGRA~1/MINGW-~1/X86_64~1.0-P/mingw64/bin/../lib/gcc/x86_64-w64-mingw32/8.1.0/../../../../lib/;C:/PROGRA~1/MINGW-~1/X86_64~1.0-P/mingw64/bin/../lib/gcc/x86_64-w64-mingw32/8.1.0/../../../../x86_64-w64-mingw32/lib/;C:/PROGRA~1/MINGW-~1/X86_64~1.0-P/mingw64/bin/../lib/gcc/x86_64-w64-mingw32/8.1.0/../../../
COLLECT_GCC_OPTIONS='-v' '-o' 'cmTC_77fbe.exe' '-shared-libgcc' '-mtune=core2' '-march=nocona'
 C:/PROGRA~1/MINGW-~1/X86_64~1.0-P/mingw64/bin/../libexec/gcc/x86_64-w64-mingw32/8.1.0/collect2.exe -plugin C:/PROGRA~1/MINGW-~1/X86_64~1.0-P/mingw64/bin/../libexec/gcc/x86_64-w64-mingw32/8.1.0/liblto_plugin-0.dll -plugin-opt=C:/PROGRA~1/MINGW-~1/X86_64~1.0-P/mingw64/bin/../libexec/gcc/x86_64-w64-mingw32/8.1.0/lto-wrapper.exe -plugin-opt=-fresolution=C:\Users\Matteo\AppData\Local\Temp\cctDFfqi.res -plugin-opt=-pass-through=-lmingw32 -plugin-opt=-pass-through=-lgcc_s -plugin-opt=-pass-through=-lgcc -plugin-opt=-pass-through=-lmoldname -plugin-opt=-pass-through=-lmingwex -plugin-opt=-pass-through=-lmsvcrt -plugin-opt=-pass-through=-lpthread -plugin-opt=-pass-through=-ladvapi32 -plugin-opt=-pass-through=-lshell32 -plugin-opt=-pass-through=-luser32 -plugin-opt=-pass-through=-lkernel32 -plugin-opt=-pass-through=-liconv -plugin-opt=-pass-through=-lmingw32 -plugin-opt=-pass-through=-lgcc_s -plugin-opt=-pass-through=-lgcc -plugin-opt=-pass-through=-lmoldname -plugin-opt=-pass-through=-lmingwex -plugin-opt=-pass-through=-lmsvcrt --sysroot=C:/mingw810/x86_64-810-posix-seh-rt_v6-rev0/mingw64 -m i386pep -Bdynamic -o cmTC_77fbe.exe C:/PROGRA~1/MINGW-~1/X86_64~1.0-P/mingw64/bin/../lib/gcc/x86_64-w64-mingw32/8.1.0/../../../../x86_64-w64-mingw32/lib/../lib/crt2.o C:/PROGRA~1/MINGW-~1/X86_64~1.0-P/mingw64/bin/../lib/gcc/x86_64-w64-mingw32/8.1.0/crtbegin.o -LC:/PROGRA~1/MINGW-~1/X86_64~1.0-P/mingw64/bin/../lib/gcc/x86_64-w64-mingw32/8.1.0 -LC:/PROGRA~1/MINGW-~1/X86_64~1.0-P/mingw64/bin/../lib/gcc -LC:/PROGRA~1/MINGW-~1/X86_64~1.0-P/mingw64/bin/../lib/gcc/x86_64-w64-mingw32/8.1.0/../../../../x86_64-w64-mingw32/lib/../lib -LC:/PROGRA~1/MINGW-~1/X86_64~1.0-P/mingw64/bin/../lib/gcc/x86_64-w64-mingw32/8.1.0/../../../../lib -LC:/PROGRA~1/MINGW-~1/X86_64~1.0-P/mingw64/bin/../lib/gcc/x86_64-w64-mingw32/8.1.0/../../../../x86_64-w64-mingw32/lib -LC:/PROGRA~1/MINGW-~1/X86_64~1.0-P/mingw64/bin/../lib/gcc/x86_64-w64-mingw32/8.1.0/../../.. --whole-archive CMakeFiles\cmTC_77fbe.dir/objects.a --no-whole-archive --out-implib libcmTC_77fbe.dll.a --major-image-version 0 --minor-image-version 0 -lstdc++ -lmingw32 -lgcc_s -lgcc -lmoldname -lmingwex -lmsvcrt -lpthread -ladvapi32 -lshell32 -luser32 -lkernel32 -liconv -lmingw32 -lgcc_s -lgcc -lmoldname -lmingwex -lmsvcrt C:/PROGRA~1/MINGW-~1/X86_64~1.0-P/mingw64/bin/../lib/gcc/x86_64-w64-mingw32/8.1.0/crtend.o
COLLECT_GCC_OPTIONS='-v' '-o' 'cmTC_77fbe.exe' '-shared-libgcc' '-mtune=core2' '-march=nocona'
mingw32-make.exe[1]: Leaving directory 'E:/Users/Matteo/Dropbox/University/11/PC/kernel_img_proc_cuda/cmake-build-release/CMakeFiles/CMakeTmp'



Parsed CXX implicit include dir info from above output: rv=done
  found start of include info
  found start of implicit include info
    add: [C:/PROGRA~1/MINGW-~1/X86_64~1.0-P/mingw64/bin/../lib/gcc/x86_64-w64-mingw32/8.1.0/include/c++]
    add: [C:/PROGRA~1/MINGW-~1/X86_64~1.0-P/mingw64/bin/../lib/gcc/x86_64-w64-mingw32/8.1.0/include/c++/x86_64-w64-mingw32]
    add: [C:/PROGRA~1/MINGW-~1/X86_64~1.0-P/mingw64/bin/../lib/gcc/x86_64-w64-mingw32/8.1.0/include/c++/backward]
    add: [C:/PROGRA~1/MINGW-~1/X86_64~1.0-P/mingw64/bin/../lib/gcc/x86_64-w64-mingw32/8.1.0/include]
    add: [C:/PROGRA~1/MINGW-~1/X86_64~1.0-P/mingw64/bin/../lib/gcc/x86_64-w64-mingw32/8.1.0/include-fixed]
    add: [C:/PROGRA~1/MINGW-~1/X86_64~1.0-P/mingw64/bin/../lib/gcc/x86_64-w64-mingw32/8.1.0/../../../../x86_64-w64-mingw32/include]
  end of search list found
  collapse include dir [C:/PROGRA~1/MINGW-~1/X86_64~1.0-P/mingw64/bin/../lib/gcc/x86_64-w64-mingw32/8.1.0/include/c++] ==> [C:/Program Files/mingw-w64/x86_64-8.1.0-posix-seh-rt_v6-rev0/mingw64/lib/gcc/x86_64-w64-mingw32/8.1.0/include/c++]
  collapse include dir [C:/PROGRA~1/MINGW-~1/X86_64~1.0-P/mingw64/bin/../lib/gcc/x86_64-w64-mingw32/8.1.0/include/c++/x86_64-w64-mingw32] ==> [C:/Program Files/mingw-w64/x86_64-8.1.0-posix-seh-rt_v6-rev0/mingw64/lib/gcc/x86_64-w64-mingw32/8.1.0/include/c++/x86_64-w64-mingw32]
  collapse include dir [C:/PROGRA~1/MINGW-~1/X86_64~1.0-P/mingw64/bin/../lib/gcc/x86_64-w64-mingw32/8.1.0/include/c++/backward] ==> [C:/Program Files/mingw-w64/x86_64-8.1.0-posix-seh-rt_v6-rev0/mingw64/lib/gcc/x86_64-w64-mingw32/8.1.0/include/c++/backward]
  collapse include dir [C:/PROGRA~1/MINGW-~1/X86_64~1.0-P/mingw64/bin/../lib/gcc/x86_64-w64-mingw32/8.1.0/include] ==> [C:/Program Files/mingw-w64/x86_64-8.1.0-posix-seh-rt_v6-rev0/mingw64/lib/gcc/x86_64-w64-mingw32/8.1.0/include]
  collapse include dir [C:/PROGRA~1/MINGW-~1/X86_64~1.0-P/mingw64/bin/../lib/gcc/x86_64-w64-mingw32/8.1.0/include-fixed] ==> [C:/Program Files/mingw-w64/x86_64-8.1.0-posix-seh-rt_v6-rev0/mingw64/lib/gcc/x86_64-w64-mingw32/8.1.0/include-fixed]
  collapse include dir [C:/PROGRA~1/MINGW-~1/X86_64~1.0-P/mingw64/bin/../lib/gcc/x86_64-w64-mingw32/8.1.0/../../../../x86_64-w64-mingw32/include] ==> [C:/Program Files/mingw-w64/x86_64-8.1.0-posix-seh-rt_v6-rev0/mingw64/x86_64-w64-mingw32/include]
  implicit include dirs: [C:/Program Files/mingw-w64/x86_64-8.1.0-posix-seh-rt_v6-rev0/mingw64/lib/gcc/x86_64-w64-mingw32/8.1.0/include/c++;C:/Program Files/mingw-w64/x86_64-8.1.0-posix-seh-rt_v6-rev0/mingw64/lib/gcc/x86_64-w64-mingw32/8.1.0/include/c++/x86_64-w64-mingw32;C:/Program Files/mingw-w64/x86_64-8.1.0-posix-seh-rt_v6-rev0/mingw64/lib/gcc/x86_64-w64-mingw32/8.1.0/include/c++/backward;C:/Program Files/mingw-w64/x86_64-8.1.0-posix-seh-rt_v6-rev0/mingw64/lib/gcc/x86_64-w64-mingw32/8.1.0/include;C:/Program Files/mingw-w64/x86_64-8.1.0-posix-seh-rt_v6-rev0/mingw64/lib/gcc/x86_64-w64-mingw32/8.1.0/include-fixed;C:/Program Files/mingw-w64/x86_64-8.1.0-posix-seh-rt_v6-rev0/mingw64/x86_64-w64-mingw32/include]


Parsed CXX implicit link information from above output:
  link line regex: [^( *|.*[/\])(ld\.exe|CMAKE_LINK_STARTFILE-NOTFOUND|([^/\]+-)?ld|collect2)[^/\]*( |$)]
  ignore line: [Change Dir: E:/Users/Matteo/Dropbox/University/11/PC/kernel_img_proc_cuda/cmake-build-release/CMakeFiles/CMakeTmp]
  ignore line: []
  ignore line: [Run Build Command(s):C:/PROGRA~1/MINGW-~1/X86_64~1.0-P/mingw64/bin/mingw32-make.exe cmTC_77fbe/fast && C:/PROGRA~1/MINGW-~1/X86_64~1.0-P/mingw64/bin/mingw32-make.exe -f CMakeFiles\cmTC_77fbe.dir\build.make CMakeFiles/cmTC_77fbe.dir/build]
  ignore line: [mingw32-make.exe[1]: Entering directory 'E:/Users/Matteo/Dropbox/University/11/PC/kernel_img_proc_cuda/cmake-build-release/CMakeFiles/CMakeTmp']
  ignore line: [Building CXX object CMakeFiles/cmTC_77fbe.dir/CMakeCXXCompilerABI.cpp.obj]
  ignore line: [C:\PROGRA~1\MINGW-~1\X86_64~1.0-P\mingw64\bin\G__~1.EXE    -v -o CMakeFiles\cmTC_77fbe.dir\CMakeCXXCompilerABI.cpp.obj -c "E:\Program Files\JetBrains\CLion 2019.2.5\bin\cmake\win\share\cmake-3.15\Modules\CMakeCXXCompilerABI.cpp"]
  ignore line: [Using built-in specs.]
  ignore line: [COLLECT_GCC=C:\PROGRA~1\MINGW-~1\X86_64~1.0-P\mingw64\bin\G__~1.EXE]
  ignore line: [Target: x86_64-w64-mingw32]
  ignore line: [Configured with: ../../../src/gcc-8.1.0/configure --host=x86_64-w64-mingw32 --build=x86_64-w64-mingw32 --target=x86_64-w64-mingw32 --prefix=/mingw64 --with-sysroot=/c/mingw810/x86_64-810-posix-seh-rt_v6-rev0/mingw64 --enable-shared --enable-static --disable-multilib --enable-languages=c,c++,fortran,lto --enable-libstdcxx-time=yes --enable-threads=posix --enable-libgomp --enable-libatomic --enable-lto --enable-graphite --enable-checking=release --enable-fully-dynamic-string --enable-version-specific-runtime-libs --disable-libstdcxx-pch --disable-libstdcxx-debug --enable-bootstrap --disable-rpath --disable-win32-registry --disable-nls --disable-werror --disable-symvers --with-gnu-as --with-gnu-ld --with-arch=nocona --with-tune=core2 --with-libiconv --with-system-zlib --with-gmp=/c/mingw810/prerequisites/x86_64-w64-mingw32-static --with-mpfr=/c/mingw810/prerequisites/x86_64-w64-mingw32-static --with-mpc=/c/mingw810/prerequisites/x86_64-w64-mingw32-static --with-isl=/c/mingw810/prerequisites/x86_64-w64-mingw32-static --with-pkgversion='x86_64-posix-seh-rev0, Built by MinGW-W64 project' --with-bugurl=https://sourceforge.net/projects/mingw-w64 CFLAGS='-O2 -pipe -fno-ident -I/c/mingw810/x86_64-810-posix-seh-rt_v6-rev0/mingw64/opt/include -I/c/mingw810/prerequisites/x86_64-zlib-static/include -I/c/mingw810/prerequisites/x86_64-w64-mingw32-static/include' CXXFLAGS='-O2 -pipe -fno-ident -I/c/mingw810/x86_64-810-posix-seh-rt_v6-rev0/mingw64/opt/include -I/c/mingw810/prerequisites/x86_64-zlib-static/include -I/c/mingw810/prerequisites/x86_64-w64-mingw32-static/include' CPPFLAGS=' -I/c/mingw810/x86_64-810-posix-seh-rt_v6-rev0/mingw64/opt/include -I/c/mingw810/prerequisites/x86_64-zlib-static/include -I/c/mingw810/prerequisites/x86_64-w64-mingw32-static/include' LDFLAGS='-pipe -fno-ident -L/c/mingw810/x86_64-810-posix-seh-rt_v6-rev0/mingw64/opt/lib -L/c/mingw810/prerequisites/x86_64-zlib-static/lib -L/c/mingw810/prerequisites/x86_64-w64-mingw32-static/lib ']
  ignore line: [Thread model: posix]
  ignore line: [gcc version 8.1.0 (x86_64-posix-seh-rev0, Built by MinGW-W64 project) ]
  ignore line: [COLLECT_GCC_OPTIONS='-v' '-o' 'CMakeFiles\cmTC_77fbe.dir\CMakeCXXCompilerABI.cpp.obj' '-c' '-shared-libgcc' '-mtune=core2' '-march=nocona']
  ignore line: [ C:/PROGRA~1/MINGW-~1/X86_64~1.0-P/mingw64/bin/../libexec/gcc/x86_64-w64-mingw32/8.1.0/cc1plus.exe -quiet -v -iprefix C:/PROGRA~1/MINGW-~1/X86_64~1.0-P/mingw64/bin/../lib/gcc/x86_64-w64-mingw32/8.1.0/ -D_REENTRANT E:\Program Files\JetBrains\CLion 2019.2.5\bin\cmake\win\share\cmake-3.15\Modules\CMakeCXXCompilerABI.cpp -quiet -dumpbase CMakeCXXCompilerABI.cpp -mtune=core2 -march=nocona -auxbase-strip CMakeFiles\cmTC_77fbe.dir\CMakeCXXCompilerABI.cpp.obj -version -o C:\Users\Matteo\AppData\Local\Temp\cchjq6X8.s]
  ignore line: [GNU C++14 (x86_64-posix-seh-rev0, Built by MinGW-W64 project) version 8.1.0 (x86_64-w64-mingw32)]
  ignore line: [	compiled by GNU C version 8.1.0, GMP version 6.1.2, MPFR version 4.0.1, MPC version 1.1.0, isl version isl-0.18-GMP]
  ignore line: []
  ignore line: [GGC heuristics: --param ggc-min-expand=100 --param ggc-min-heapsize=131072]
  ignore line: [ignoring duplicate directory "C:/PROGRA~1/MINGW-~1/X86_64~1.0-P/mingw64/lib/gcc/../../lib/gcc/x86_64-w64-mingw32/8.1.0/include/c++"]
  ignore line: [ignoring duplicate directory "C:/PROGRA~1/MINGW-~1/X86_64~1.0-P/mingw64/lib/gcc/../../lib/gcc/x86_64-w64-mingw32/8.1.0/include/c++/x86_64-w64-mingw32"]
  ignore line: [ignoring duplicate directory "C:/PROGRA~1/MINGW-~1/X86_64~1.0-P/mingw64/lib/gcc/../../lib/gcc/x86_64-w64-mingw32/8.1.0/include/c++/backward"]
  ignore line: [ignoring duplicate directory "C:/PROGRA~1/MINGW-~1/X86_64~1.0-P/mingw64/lib/gcc/../../lib/gcc/x86_64-w64-mingw32/8.1.0/include"]
  ignore line: [ignoring nonexistent directory "C:/mingw810/x86_64-810-posix-seh-rt_v6-rev0/mingw64C:/msys64/mingw64/lib/gcc/x86_64-w64-mingw32/8.1.0/../../../../include"]
  ignore line: [ignoring duplicate directory "C:/PROGRA~1/MINGW-~1/X86_64~1.0-P/mingw64/lib/gcc/../../lib/gcc/x86_64-w64-mingw32/8.1.0/include-fixed"]
  ignore line: [ignoring duplicate directory "C:/PROGRA~1/MINGW-~1/X86_64~1.0-P/mingw64/lib/gcc/../../lib/gcc/x86_64-w64-mingw32/8.1.0/../../../../x86_64-w64-mingw32/include"]
  ignore line: [ignoring nonexistent directory "C:/mingw810/x86_64-810-posix-seh-rt_v6-rev0/mingw64/mingw/include"]
  ignore line: [#include "..." search starts here:]
  ignore line: [#include <...> search starts here:]
  ignore line: [ C:/PROGRA~1/MINGW-~1/X86_64~1.0-P/mingw64/bin/../lib/gcc/x86_64-w64-mingw32/8.1.0/include/c++]
  ignore line: [ C:/PROGRA~1/MINGW-~1/X86_64~1.0-P/mingw64/bin/../lib/gcc/x86_64-w64-mingw32/8.1.0/include/c++/x86_64-w64-mingw32]
  ignore line: [ C:/PROGRA~1/MINGW-~1/X86_64~1.0-P/mingw64/bin/../lib/gcc/x86_64-w64-mingw32/8.1.0/include/c++/backward]
  ignore line: [ C:/PROGRA~1/MINGW-~1/X86_64~1.0-P/mingw64/bin/../lib/gcc/x86_64-w64-mingw32/8.1.0/include]
  ignore line: [ C:/PROGRA~1/MINGW-~1/X86_64~1.0-P/mingw64/bin/../lib/gcc/x86_64-w64-mingw32/8.1.0/include-fixed]
  ignore line: [ C:/PROGRA~1/MINGW-~1/X86_64~1.0-P/mingw64/bin/../lib/gcc/x86_64-w64-mingw32/8.1.0/../../../../x86_64-w64-mingw32/include]
  ignore line: [End of search list.]
  ignore line: [GNU C++14 (x86_64-posix-seh-rev0, Built by MinGW-W64 project) version 8.1.0 (x86_64-w64-mingw32)]
  ignore line: [	compiled by GNU C version 8.1.0, GMP version 6.1.2, MPFR version 4.0.1, MPC version 1.1.0, isl version isl-0.18-GMP]
  ignore line: []
  ignore line: [GGC heuristics: --param ggc-min-expand=100 --param ggc-min-heapsize=131072]
  ignore line: [Compiler executable checksum: 82f0c9785fd37a38ba7b7f8357369a82]
  ignore line: [COLLECT_GCC_OPTIONS='-v' '-o' 'CMakeFiles\cmTC_77fbe.dir\CMakeCXXCompilerABI.cpp.obj' '-c' '-shared-libgcc' '-mtune=core2' '-march=nocona']
  ignore line: [ C:/PROGRA~1/MINGW-~1/X86_64~1.0-P/mingw64/bin/../lib/gcc/x86_64-w64-mingw32/8.1.0/../../../../x86_64-w64-mingw32/bin/as.exe -v -o CMakeFiles\cmTC_77fbe.dir\CMakeCXXCompilerABI.cpp.obj C:\Users\Matteo\AppData\Local\Temp\cchjq6X8.s]
  ignore line: [GNU assembler version 2.30 (x86_64-w64-mingw32) using BFD version (GNU Binutils) 2.30]
  ignore line: [COMPILER_PATH=C:/PROGRA~1/MINGW-~1/X86_64~1.0-P/mingw64/bin/../libexec/gcc/x86_64-w64-mingw32/8.1.0/]
  ignore line: [C:/PROGRA~1/MINGW-~1/X86_64~1.0-P/mingw64/bin/../libexec/gcc/]
  ignore line: [C:/PROGRA~1/MINGW-~1/X86_64~1.0-P/mingw64/bin/../lib/gcc/x86_64-w64-mingw32/8.1.0/../../../../x86_64-w64-mingw32/bin/]
  ignore line: [LIBRARY_PATH=C:/PROGRA~1/MINGW-~1/X86_64~1.0-P/mingw64/bin/../lib/gcc/x86_64-w64-mingw32/8.1.0/]
  ignore line: [C:/PROGRA~1/MINGW-~1/X86_64~1.0-P/mingw64/bin/../lib/gcc/]
  ignore line: [C:/PROGRA~1/MINGW-~1/X86_64~1.0-P/mingw64/bin/../lib/gcc/x86_64-w64-mingw32/8.1.0/../../../../x86_64-w64-mingw32/lib/../lib/]
  ignore line: [C:/PROGRA~1/MINGW-~1/X86_64~1.0-P/mingw64/bin/../lib/gcc/x86_64-w64-mingw32/8.1.0/../../../../lib/]
  ignore line: [C:/PROGRA~1/MINGW-~1/X86_64~1.0-P/mingw64/bin/../lib/gcc/x86_64-w64-mingw32/8.1.0/../../../../x86_64-w64-mingw32/lib/]
  ignore line: [C:/PROGRA~1/MINGW-~1/X86_64~1.0-P/mingw64/bin/../lib/gcc/x86_64-w64-mingw32/8.1.0/../../../]
  ignore line: [COLLECT_GCC_OPTIONS='-v' '-o' 'CMakeFiles\cmTC_77fbe.dir\CMakeCXXCompilerABI.cpp.obj' '-c' '-shared-libgcc' '-mtune=core2' '-march=nocona']
  ignore line: [Linking CXX executable cmTC_77fbe.exe]
  ignore line: ["E:\Program Files\JetBrains\CLion 2019.2.5\bin\cmake\win\bin\cmake.exe" -E cmake_link_script CMakeFiles\cmTC_77fbe.dir\link.txt --verbose=1]
  ignore line: ["E:\Program Files\JetBrains\CLion 2019.2.5\bin\cmake\win\bin\cmake.exe" -E remove -f CMakeFiles\cmTC_77fbe.dir/objects.a]
  ignore line: [C:\PROGRA~1\MINGW-~1\X86_64~1.0-P\mingw64\bin\ar.exe cr CMakeFiles\cmTC_77fbe.dir/objects.a @CMakeFiles\cmTC_77fbe.dir\objects1.rsp]
  ignore line: [C:\PROGRA~1\MINGW-~1\X86_64~1.0-P\mingw64\bin\G__~1.EXE     -v -Wl,--whole-archive CMakeFiles\cmTC_77fbe.dir/objects.a -Wl,--no-whole-archive  -o cmTC_77fbe.exe -Wl,--out-implib,libcmTC_77fbe.dll.a -Wl,--major-image-version,0,--minor-image-version,0 ]
  ignore line: [Using built-in specs.]
  ignore line: [COLLECT_GCC=C:\PROGRA~1\MINGW-~1\X86_64~1.0-P\mingw64\bin\G__~1.EXE]
  ignore line: [COLLECT_LTO_WRAPPER=C:/PROGRA~1/MINGW-~1/X86_64~1.0-P/mingw64/bin/../libexec/gcc/x86_64-w64-mingw32/8.1.0/lto-wrapper.exe]
  ignore line: [Target: x86_64-w64-mingw32]
  ignore line: [Configured with: ../../../src/gcc-8.1.0/configure --host=x86_64-w64-mingw32 --build=x86_64-w64-mingw32 --target=x86_64-w64-mingw32 --prefix=/mingw64 --with-sysroot=/c/mingw810/x86_64-810-posix-seh-rt_v6-rev0/mingw64 --enable-shared --enable-static --disable-multilib --enable-languages=c,c++,fortran,lto --enable-libstdcxx-time=yes --enable-threads=posix --enable-libgomp --enable-libatomic --enable-lto --enable-graphite --enable-checking=release --enable-fully-dynamic-string --enable-version-specific-runtime-libs --disable-libstdcxx-pch --disable-libstdcxx-debug --enable-bootstrap --disable-rpath --disable-win32-registry --disable-nls --disable-werror --disable-symvers --with-gnu-as --with-gnu-ld --with-arch=nocona --with-tune=core2 --with-libiconv --with-system-zlib --with-gmp=/c/mingw810/prerequisites/x86_64-w64-mingw32-static --with-mpfr=/c/mingw810/prerequisites/x86_64-w64-mingw32-static --with-mpc=/c/mingw810/prerequisites/x86_64-w64-mingw32-static --with-isl=/c/mingw810/prerequisites/x86_64-w64-mingw32-static --with-pkgversion='x86_64-posix-seh-rev0, Built by MinGW-W64 project' --with-bugurl=https://sourceforge.net/projects/mingw-w64 CFLAGS='-O2 -pipe -fno-ident -I/c/mingw810/x86_64-810-posix-seh-rt_v6-rev0/mingw64/opt/include -I/c/mingw810/prerequisites/x86_64-zlib-static/include -I/c/mingw810/prerequisites/x86_64-w64-mingw32-static/include' CXXFLAGS='-O2 -pipe -fno-ident -I/c/mingw810/x86_64-810-posix-seh-rt_v6-rev0/mingw64/opt/include -I/c/mingw810/prerequisites/x86_64-zlib-static/include -I/c/mingw810/prerequisites/x86_64-w64-mingw32-static/include' CPPFLAGS=' -I/c/mingw810/x86_64-810-posix-seh-rt_v6-rev0/mingw64/opt/include -I/c/mingw810/prerequisites/x86_64-zlib-static/include -I/c/mingw810/prerequisites/x86_64-w64-mingw32-static/include' LDFLAGS='-pipe -fno-ident -L/c/mingw810/x86_64-810-posix-seh-rt_v6-rev0/mingw64/opt/lib -L/c/mingw810/prerequisites/x86_64-zlib-static/lib -L/c/mingw810/prerequisites/x86_64-w64-mingw32-static/lib ']
  ignore line: [Thread model: posix]
  ignore line: [gcc version 8.1.0 (x86_64-posix-seh-rev0, Built by MinGW-W64 project) ]
  ignore line: [COMPILER_PATH=C:/PROGRA~1/MINGW-~1/X86_64~1.0-P/mingw64/bin/../libexec/gcc/x86_64-w64-mingw32/8.1.0/]
  ignore line: [C:/PROGRA~1/MINGW-~1/X86_64~1.0-P/mingw64/bin/../libexec/gcc/]
  ignore line: [C:/PROGRA~1/MINGW-~1/X86_64~1.0-P/mingw64/bin/../lib/gcc/x86_64-w64-mingw32/8.1.0/../../../../x86_64-w64-mingw32/bin/]
  ignore line: [LIBRARY_PATH=C:/PROGRA~1/MINGW-~1/X86_64~1.0-P/mingw64/bin/../lib/gcc/x86_64-w64-mingw32/8.1.0/]
  ignore line: [C:/PROGRA~1/MINGW-~1/X86_64~1.0-P/mingw64/bin/../lib/gcc/]
  ignore line: [C:/PROGRA~1/MINGW-~1/X86_64~1.0-P/mingw64/bin/../lib/gcc/x86_64-w64-mingw32/8.1.0/../../../../x86_64-w64-mingw32/lib/../lib/]
  ignore line: [C:/PROGRA~1/MINGW-~1/X86_64~1.0-P/mingw64/bin/../lib/gcc/x86_64-w64-mingw32/8.1.0/../../../../lib/]
  ignore line: [C:/PROGRA~1/MINGW-~1/X86_64~1.0-P/mingw64/bin/../lib/gcc/x86_64-w64-mingw32/8.1.0/../../../../x86_64-w64-mingw32/lib/]
  ignore line: [C:/PROGRA~1/MINGW-~1/X86_64~1.0-P/mingw64/bin/../lib/gcc/x86_64-w64-mingw32/8.1.0/../../../]
  ignore line: [COLLECT_GCC_OPTIONS='-v' '-o' 'cmTC_77fbe.exe' '-shared-libgcc' '-mtune=core2' '-march=nocona']
  link line: [ C:/PROGRA~1/MINGW-~1/X86_64~1.0-P/mingw64/bin/../libexec/gcc/x86_64-w64-mingw32/8.1.0/collect2.exe -plugin C:/PROGRA~1/MINGW-~1/X86_64~1.0-P/mingw64/bin/../libexec/gcc/x86_64-w64-mingw32/8.1.0/liblto_plugin-0.dll -plugin-opt=C:/PROGRA~1/MINGW-~1/X86_64~1.0-P/mingw64/bin/../libexec/gcc/x86_64-w64-mingw32/8.1.0/lto-wrapper.exe -plugin-opt=-fresolution=C:\Users\Matteo\AppData\Local\Temp\cctDFfqi.res -plugin-opt=-pass-through=-lmingw32 -plugin-opt=-pass-through=-lgcc_s -plugin-opt=-pass-through=-lgcc -plugin-opt=-pass-through=-lmoldname -plugin-opt=-pass-through=-lmingwex -plugin-opt=-pass-through=-lmsvcrt -plugin-opt=-pass-through=-lpthread -plugin-opt=-pass-through=-ladvapi32 -plugin-opt=-pass-through=-lshell32 -plugin-opt=-pass-through=-luser32 -plugin-opt=-pass-through=-lkernel32 -plugin-opt=-pass-through=-liconv -plugin-opt=-pass-through=-lmingw32 -plugin-opt=-pass-through=-lgcc_s -plugin-opt=-pass-through=-lgcc -plugin-opt=-pass-through=-lmoldname -plugin-opt=-pass-through=-lmingwex -plugin-opt=-pass-through=-lmsvcrt --sysroot=C:/mingw810/x86_64-810-posix-seh-rt_v6-rev0/mingw64 -m i386pep -Bdynamic -o cmTC_77fbe.exe C:/PROGRA~1/MINGW-~1/X86_64~1.0-P/mingw64/bin/../lib/gcc/x86_64-w64-mingw32/8.1.0/../../../../x86_64-w64-mingw32/lib/../lib/crt2.o C:/PROGRA~1/MINGW-~1/X86_64~1.0-P/mingw64/bin/../lib/gcc/x86_64-w64-mingw32/8.1.0/crtbegin.o -LC:/PROGRA~1/MINGW-~1/X86_64~1.0-P/mingw64/bin/../lib/gcc/x86_64-w64-mingw32/8.1.0 -LC:/PROGRA~1/MINGW-~1/X86_64~1.0-P/mingw64/bin/../lib/gcc -LC:/PROGRA~1/MINGW-~1/X86_64~1.0-P/mingw64/bin/../lib/gcc/x86_64-w64-mingw32/8.1.0/../../../../x86_64-w64-mingw32/lib/../lib -LC:/PROGRA~1/MINGW-~1/X86_64~1.0-P/mingw64/bin/../lib/gcc/x86_64-w64-mingw32/8.1.0/../../../../lib -LC:/PROGRA~1/MINGW-~1/X86_64~1.0-P/mingw64/bin/../lib/gcc/x86_64-w64-mingw32/8.1.0/../../../../x86_64-w64-mingw32/lib -LC:/PROGRA~1/MINGW-~1/X86_64~1.0-P/mingw64/bin/../lib/gcc/x86_64-w64-mingw32/8.1.0/../../.. --whole-archive CMakeFiles\cmTC_77fbe.dir/objects.a --no-whole-archive --out-implib libcmTC_77fbe.dll.a --major-image-version 0 --minor-image-version 0 -lstdc++ -lmingw32 -lgcc_s -lgcc -lmoldname -lmingwex -lmsvcrt -lpthread -ladvapi32 -lshell32 -luser32 -lkernel32 -liconv -lmingw32 -lgcc_s -lgcc -lmoldname -lmingwex -lmsvcrt C:/PROGRA~1/MINGW-~1/X86_64~1.0-P/mingw64/bin/../lib/gcc/x86_64-w64-mingw32/8.1.0/crtend.o]
    arg [C:/PROGRA~1/MINGW-~1/X86_64~1.0-P/mingw64/bin/../libexec/gcc/x86_64-w64-mingw32/8.1.0/collect2.exe] ==> ignore
    arg [-plugin] ==> ignore
    arg [C:/PROGRA~1/MINGW-~1/X86_64~1.0-P/mingw64/bin/../libexec/gcc/x86_64-w64-mingw32/8.1.0/liblto_plugin-0.dll] ==> ignore
    arg [-plugin-opt=C:/PROGRA~1/MINGW-~1/X86_64~1.0-P/mingw64/bin/../libexec/gcc/x86_64-w64-mingw32/8.1.0/lto-wrapper.exe] ==> ignore
    arg [-plugin-opt=-fresolution=C:\Users\Matteo\AppData\Local\Temp\cctDFfqi.res] ==> ignore
    arg [-plugin-opt=-pass-through=-lmingw32] ==> ignore
    arg [-plugin-opt=-pass-through=-lgcc_s] ==> ignore
    arg [-plugin-opt=-pass-through=-lgcc] ==> ignore
    arg [-plugin-opt=-pass-through=-lmoldname] ==> ignore
    arg [-plugin-opt=-pass-through=-lmingwex] ==> ignore
    arg [-plugin-opt=-pass-through=-lmsvcrt] ==> ignore
    arg [-plugin-opt=-pass-through=-lpthread] ==> ignore
    arg [-plugin-opt=-pass-through=-ladvapi32] ==> ignore
    arg [-plugin-opt=-pass-through=-lshell32] ==> ignore
    arg [-plugin-opt=-pass-through=-luser32] ==> ignore
    arg [-plugin-opt=-pass-through=-lkernel32] ==> ignore
    arg [-plugin-opt=-pass-through=-liconv] ==> ignore
    arg [-plugin-opt=-pass-through=-lmingw32] ==> ignore
    arg [-plugin-opt=-pass-through=-lgcc_s] ==> ignore
    arg [-plugin-opt=-pass-through=-lgcc] ==> ignore
    arg [-plugin-opt=-pass-through=-lmoldname] ==> ignore
    arg [-plugin-opt=-pass-through=-lmingwex] ==> ignore
    arg [-plugin-opt=-pass-through=-lmsvcrt] ==> ignore
    arg [--sysroot=C:/mingw810/x86_64-810-posix-seh-rt_v6-rev0/mingw64] ==> ignore
    arg [-m] ==> ignore
    arg [i386pep] ==> ignore
    arg [-Bdynamic] ==> ignore
    arg [-o] ==> ignore
    arg [cmTC_77fbe.exe] ==> ignore
    arg [C:/PROGRA~1/MINGW-~1/X86_64~1.0-P/mingw64/bin/../lib/gcc/x86_64-w64-mingw32/8.1.0/../../../../x86_64-w64-mingw32/lib/../lib/crt2.o] ==> ignore
    arg [C:/PROGRA~1/MINGW-~1/X86_64~1.0-P/mingw64/bin/../lib/gcc/x86_64-w64-mingw32/8.1.0/crtbegin.o] ==> ignore
    arg [-LC:/PROGRA~1/MINGW-~1/X86_64~1.0-P/mingw64/bin/../lib/gcc/x86_64-w64-mingw32/8.1.0] ==> dir [C:/PROGRA~1/MINGW-~1/X86_64~1.0-P/mingw64/bin/../lib/gcc/x86_64-w64-mingw32/8.1.0]
    arg [-LC:/PROGRA~1/MINGW-~1/X86_64~1.0-P/mingw64/bin/../lib/gcc] ==> dir [C:/PROGRA~1/MINGW-~1/X86_64~1.0-P/mingw64/bin/../lib/gcc]
    arg [-LC:/PROGRA~1/MINGW-~1/X86_64~1.0-P/mingw64/bin/../lib/gcc/x86_64-w64-mingw32/8.1.0/../../../../x86_64-w64-mingw32/lib/../lib] ==> dir [C:/PROGRA~1/MINGW-~1/X86_64~1.0-P/mingw64/bin/../lib/gcc/x86_64-w64-mingw32/8.1.0/../../../../x86_64-w64-mingw32/lib/../lib]
    arg [-LC:/PROGRA~1/MINGW-~1/X86_64~1.0-P/mingw64/bin/../lib/gcc/x86_64-w64-mingw32/8.1.0/../../../../lib] ==> dir [C:/PROGRA~1/MINGW-~1/X86_64~1.0-P/mingw64/bin/../lib/gcc/x86_64-w64-mingw32/8.1.0/../../../../lib]
    arg [-LC:/PROGRA~1/MINGW-~1/X86_64~1.0-P/mingw64/bin/../lib/gcc/x86_64-w64-mingw32/8.1.0/../../../../x86_64-w64-mingw32/lib] ==> dir [C:/PROGRA~1/MINGW-~1/X86_64~1.0-P/mingw64/bin/../lib/gcc/x86_64-w64-mingw32/8.1.0/../../../../x86_64-w64-mingw32/lib]
    arg [-LC:/PROGRA~1/MINGW-~1/X86_64~1.0-P/mingw64/bin/../lib/gcc/x86_64-w64-mingw32/8.1.0/../../..] ==> dir [C:/PROGRA~1/MINGW-~1/X86_64~1.0-P/mingw64/bin/../lib/gcc/x86_64-w64-mingw32/8.1.0/../../..]
    arg [--whole-archive] ==> ignore
    arg [CMakeFiles\cmTC_77fbe.dir/objects.a] ==> ignore
    arg [--no-whole-archive] ==> ignore
    arg [--out-implib] ==> ignore
    arg [libcmTC_77fbe.dll.a] ==> ignore
    arg [--major-image-version] ==> ignore
    arg [0] ==> ignore
    arg [--minor-image-version] ==> ignore
    arg [0] ==> ignore
    arg [-lstdc++] ==> lib [stdc++]
    arg [-lmingw32] ==> lib [mingw32]
    arg [-lgcc_s] ==> lib [gcc_s]
    arg [-lgcc] ==> lib [gcc]
    arg [-lmoldname] ==> lib [moldname]
    arg [-lmingwex] ==> lib [mingwex]
    arg [-lmsvcrt] ==> lib [msvcrt]
    arg [-lpthread] ==> lib [pthread]
    arg [-ladvapi32] ==> lib [advapi32]
    arg [-lshell32] ==> lib [shell32]
    arg [-luser32] ==> lib [user32]
    arg [-lkernel32] ==> lib [kernel32]
    arg [-liconv] ==> lib [iconv]
    arg [-lmingw32] ==> lib [mingw32]
    arg [-lgcc_s] ==> lib [gcc_s]
    arg [-lgcc] ==> lib [gcc]
    arg [-lmoldname] ==> lib [moldname]
    arg [-lmingwex] ==> lib [mingwex]
    arg [-lmsvcrt] ==> lib [msvcrt]
    arg [C:/PROGRA~1/MINGW-~1/X86_64~1.0-P/mingw64/bin/../lib/gcc/x86_64-w64-mingw32/8.1.0/crtend.o] ==> ignore
  remove lib [msvcrt]
  remove lib [msvcrt]
  collapse library dir [C:/PROGRA~1/MINGW-~1/X86_64~1.0-P/mingw64/bin/../lib/gcc/x86_64-w64-mingw32/8.1.0] ==> [C:/Program Files/mingw-w64/x86_64-8.1.0-posix-seh-rt_v6-rev0/mingw64/lib/gcc/x86_64-w64-mingw32/8.1.0]
  collapse library dir [C:/PROGRA~1/MINGW-~1/X86_64~1.0-P/mingw64/bin/../lib/gcc] ==> [C:/Program Files/mingw-w64/x86_64-8.1.0-posix-seh-rt_v6-rev0/mingw64/lib/gcc]
  collapse library dir [C:/PROGRA~1/MINGW-~1/X86_64~1.0-P/mingw64/bin/../lib/gcc/x86_64-w64-mingw32/8.1.0/../../../../x86_64-w64-mingw32/lib/../lib] ==> [C:/Program Files/mingw-w64/x86_64-8.1.0-posix-seh-rt_v6-rev0/mingw64/x86_64-w64-mingw32/lib]
  collapse library dir [C:/PROGRA~1/MINGW-~1/X86_64~1.0-P/mingw64/bin/../lib/gcc/x86_64-w64-mingw32/8.1.0/../../../../lib] ==> [C:/Program Files/mingw-w64/x86_64-8.1.0-posix-seh-rt_v6-rev0/mingw64/lib]
  collapse library dir [C:/PROGRA~1/MINGW-~1/X86_64~1.0-P/mingw64/bin/../lib/gcc/x86_64-w64-mingw32/8.1.0/../../../../x86_64-w64-mingw32/lib] ==> [C:/Program Files/mingw-w64/x86_64-8.1.0-posix-seh-rt_v6-rev0/mingw64/x86_64-w64-mingw32/lib]
  collapse library dir [C:/PROGRA~1/MINGW-~1/X86_64~1.0-P/mingw64/bin/../lib/gcc/x86_64-w64-mingw32/8.1.0/../../..] ==> [C:/Program Files/mingw-w64/x86_64-8.1.0-posix-seh-rt_v6-rev0/mingw64/lib]
  implicit libs: [stdc++;mingw32;gcc_s;gcc;moldname;mingwex;pthread;advapi32;shell32;user32;kernel32;iconv;mingw32;gcc_s;gcc;moldname;mingwex]
  implicit dirs: [C:/Program Files/mingw-w64/x86_64-8.1.0-posix-seh-rt_v6-rev0/mingw64/lib/gcc/x86_64-w64-mingw32/8.1.0;C:/Program Files/mingw-w64/x86_64-8.1.0-posix-seh-rt_v6-rev0/mingw64/lib/gcc;C:/Program Files/mingw-w64/x86_64-8.1.0-posix-seh-rt_v6-rev0/mingw64/x86_64-w64-mingw32/lib;C:/Program Files/mingw-w64/x86_64-8.1.0-posix-seh-rt_v6-rev0/mingw64/lib]
  implicit fwks: []


